The target system is: Android - 1 - armv7-a
The host system is: Darwin - 22.2.0 - x86_64
Determining if the C compiler works passed with the following output:
Change Dir: /Users/jinxuan/data/develop/android/app/.cxx/cmake/debug/armeabi-v7a/CMakeFiles/CMakeTmp

Run Build Command:"/Users/jinxuan/Library/Android/sdk/cmake/3.10.2.4988404/bin/ninja" "cmTC_8bd50"
[1/2] Building C object CMakeFiles/cmTC_8bd50.dir/testCCompiler.c.o
[2/2] Linking C executable cmTC_8bd50


Detecting C compiler ABI info compiled with the following output:
Change Dir: /Users/jinxuan/data/develop/android/app/.cxx/cmake/debug/armeabi-v7a/CMakeFiles/CMakeTmp

Run Build Command:"/Users/jinxuan/Library/Android/sdk/cmake/3.10.2.4988404/bin/ninja" "cmTC_001fc"
[1/2] Building C object CMakeFiles/cmTC_001fc.dir/CMakeCCompilerABI.c.o
[2/2] Linking C executable cmTC_001fc
Android (7155654, based on r399163b1) clang version 11.0.5 (https://android.googlesource.com/toolchain/llvm-project 87f1315dfbea7c137aa2e6d362dbb457e388158d)
Target: armv7-none-linux-android24
Thread model: posix
InstalledDir: /Users/jinxuan/Library/Android/sdk/ndk/22.1.7171670/toolchains/llvm/prebuilt/darwin-x86_64/bin
Found candidate GCC installation: /Users/jinxuan/Library/Android/sdk/ndk/22.1.7171670/toolchains/llvm/prebuilt/darwin-x86_64/lib/gcc/arm-linux-androideabi/4.9.x
Selected GCC installation: /Users/jinxuan/Library/Android/sdk/ndk/22.1.7171670/toolchains/llvm/prebuilt/darwin-x86_64/lib/gcc/arm-linux-androideabi/4.9.x
Candidate multilib: thumb;@mthumb
Candidate multilib: armv7-a;@march=armv7-a
Candidate multilib: armv7-a/thumb;@march=armv7-a@mthumb
Candidate multilib: .;
Selected multilib: armv7-a/thumb;@march=armv7-a@mthumb
 "/Users/jinxuan/Library/Android/sdk/ndk/22.1.7171670/toolchains/llvm/prebuilt/darwin-x86_64/bin/ld" --sysroot=/Users/jinxuan/Library/Android/sdk/ndk/22.1.7171670/toolchains/llvm/prebuilt/darwin-x86_64/sysroot -pie -z noexecstack -EL --warn-shared-textrel -z now -z relro -z max-page-size=4096 -X --hash-style=gnu --enable-new-dtags --eh-frame-hdr -m armelf_linux_eabi -dynamic-linker /system/bin/linker -o cmTC_001fc /Users/jinxuan/Library/Android/sdk/ndk/22.1.7171670/toolchains/llvm/prebuilt/darwin-x86_64/sysroot/usr/lib/arm-linux-androideabi/24/crtbegin_dynamic.o -L/Users/jinxuan/Library/Android/sdk/ndk/22.1.7171670/toolchains/llvm/prebuilt/darwin-x86_64/lib64/clang/11.0.5/lib/linux/arm -L/Users/jinxuan/Library/Android/sdk/ndk/22.1.7171670/toolchains/llvm/prebuilt/darwin-x86_64/lib/gcc/arm-linux-androideabi/4.9.x/armv7-a/thumb -L/Users/jinxuan/Library/Android/sdk/ndk/22.1.7171670/toolchains/llvm/prebuilt/darwin-x86_64/lib/gcc/arm-linux-androideabi/4.9.x/../../../../arm-linux-androideabi/lib/../lib/armv7-a/thumb -L/Users/jinxuan/Library/Android/sdk/ndk/22.1.7171670/toolchains/llvm/prebuilt/darwin-x86_64/sysroot/usr/lib/arm-linux-androideabi/24 -L/Users/jinxuan/Library/Android/sdk/ndk/22.1.7171670/toolchains/llvm/prebuilt/darwin-x86_64/sysroot/usr/lib/arm-linux-androideabi -L/Users/jinxuan/Library/Android/sdk/ndk/22.1.7171670/toolchains/llvm/prebuilt/darwin-x86_64/sysroot/usr/lib/../lib -L/Users/jinxuan/Library/Android/sdk/ndk/22.1.7171670/toolchains/llvm/prebuilt/darwin-x86_64/sysroot/usr/lib/arm-linux-androideabi/../../lib -L/Users/jinxuan/Library/Android/sdk/ndk/22.1.7171670/toolchains/llvm/prebuilt/darwin-x86_64/lib/gcc/arm-linux-androideabi/4.9.x/../../../../arm-linux-androideabi/lib/armv7-a/thumb -L/Users/jinxuan/Library/Android/sdk/ndk/22.1.7171670/toolchains/llvm/prebuilt/darwin-x86_64/sysroot/usr/lib --exclude-libs libgcc.a --exclude-libs libgcc_real.a --exclude-libs libatomic.a --build-id=sha1 --no-rosegment --fatal-warnings --exclude-libs libunwind.a --no-undefined --gc-sections CMakeFiles/cmTC_001fc.dir/CMakeCCompilerABI.c.o -lgcc -ldl -lc -lgcc -ldl /Users/jinxuan/Library/Android/sdk/ndk/22.1.7171670/toolchains/llvm/prebuilt/darwin-x86_64/sysroot/usr/lib/arm-linux-androideabi/24/crtend_android.o


Parsed C implicit link information from above output:
  link line regex: [^( *|.*[/\])(CMAKE_LINKER-NOTFOUND|CMAKE_LINK_STARTFILE-NOTFOUND|([^/\]+-)?ld|collect2)[^/\]*( |$)]
  ignore line: [Change Dir: /Users/jinxuan/data/develop/android/app/.cxx/cmake/debug/armeabi-v7a/CMakeFiles/CMakeTmp]
  ignore line: []
  ignore line: [Run Build Command:"/Users/jinxuan/Library/Android/sdk/cmake/3.10.2.4988404/bin/ninja" "cmTC_001fc"]
  ignore line: [[1/2] Building C object CMakeFiles/cmTC_001fc.dir/CMakeCCompilerABI.c.o]
  ignore line: [[2/2] Linking C executable cmTC_001fc]
  ignore line: [Android (7155654, based on r399163b1) clang version 11.0.5 (https://android.googlesource.com/toolchain/llvm-project 87f1315dfbea7c137aa2e6d362dbb457e388158d)]
  ignore line: [Target: armv7-none-linux-android24]
  ignore line: [Thread model: posix]
  ignore line: [InstalledDir: /Users/jinxuan/Library/Android/sdk/ndk/22.1.7171670/toolchains/llvm/prebuilt/darwin-x86_64/bin]
  ignore line: [Found candidate GCC installation: /Users/jinxuan/Library/Android/sdk/ndk/22.1.7171670/toolchains/llvm/prebuilt/darwin-x86_64/lib/gcc/arm-linux-androideabi/4.9.x]
  ignore line: [Selected GCC installation: /Users/jinxuan/Library/Android/sdk/ndk/22.1.7171670/toolchains/llvm/prebuilt/darwin-x86_64/lib/gcc/arm-linux-androideabi/4.9.x]
  ignore line: [Candidate multilib: thumb]
  ignore line: [@mthumb]
  ignore line: [Candidate multilib: armv7-a]
  ignore line: [@march=armv7-a]
  ignore line: [Candidate multilib: armv7-a/thumb]
  ignore line: [@march=armv7-a@mthumb]
  ignore line: [Candidate multilib: .]
  ignore line: []
  ignore line: [Selected multilib: armv7-a/thumb]
  ignore line: [@march=armv7-a@mthumb]
  link line: [ "/Users/jinxuan/Library/Android/sdk/ndk/22.1.7171670/toolchains/llvm/prebuilt/darwin-x86_64/bin/ld" --sysroot=/Users/jinxuan/Library/Android/sdk/ndk/22.1.7171670/toolchains/llvm/prebuilt/darwin-x86_64/sysroot -pie -z noexecstack -EL --warn-shared-textrel -z now -z relro -z max-page-size=4096 -X --hash-style=gnu --enable-new-dtags --eh-frame-hdr -m armelf_linux_eabi -dynamic-linker /system/bin/linker -o cmTC_001fc /Users/jinxuan/Library/Android/sdk/ndk/22.1.7171670/toolchains/llvm/prebuilt/darwin-x86_64/sysroot/usr/lib/arm-linux-androideabi/24/crtbegin_dynamic.o -L/Users/jinxuan/Library/Android/sdk/ndk/22.1.7171670/toolchains/llvm/prebuilt/darwin-x86_64/lib64/clang/11.0.5/lib/linux/arm -L/Users/jinxuan/Library/Android/sdk/ndk/22.1.7171670/toolchains/llvm/prebuilt/darwin-x86_64/lib/gcc/arm-linux-androideabi/4.9.x/armv7-a/thumb -L/Users/jinxuan/Library/Android/sdk/ndk/22.1.7171670/toolchains/llvm/prebuilt/darwin-x86_64/lib/gcc/arm-linux-androideabi/4.9.x/../../../../arm-linux-androideabi/lib/../lib/armv7-a/thumb -L/Users/jinxuan/Library/Android/sdk/ndk/22.1.7171670/toolchains/llvm/prebuilt/darwin-x86_64/sysroot/usr/lib/arm-linux-androideabi/24 -L/Users/jinxuan/Library/Android/sdk/ndk/22.1.7171670/toolchains/llvm/prebuilt/darwin-x86_64/sysroot/usr/lib/arm-linux-androideabi -L/Users/jinxuan/Library/Android/sdk/ndk/22.1.7171670/toolchains/llvm/prebuilt/darwin-x86_64/sysroot/usr/lib/../lib -L/Users/jinxuan/Library/Android/sdk/ndk/22.1.7171670/toolchains/llvm/prebuilt/darwin-x86_64/sysroot/usr/lib/arm-linux-androideabi/../../lib -L/Users/jinxuan/Library/Android/sdk/ndk/22.1.7171670/toolchains/llvm/prebuilt/darwin-x86_64/lib/gcc/arm-linux-androideabi/4.9.x/../../../../arm-linux-androideabi/lib/armv7-a/thumb -L/Users/jinxuan/Library/Android/sdk/ndk/22.1.7171670/toolchains/llvm/prebuilt/darwin-x86_64/sysroot/usr/lib --exclude-libs libgcc.a --exclude-libs libgcc_real.a --exclude-libs libatomic.a --build-id=sha1 --no-rosegment --fatal-warnings --exclude-libs libunwind.a --no-undefined --gc-sections CMakeFiles/cmTC_001fc.dir/CMakeCCompilerABI.c.o -lgcc -ldl -lc -lgcc -ldl /Users/jinxuan/Library/Android/sdk/ndk/22.1.7171670/toolchains/llvm/prebuilt/darwin-x86_64/sysroot/usr/lib/arm-linux-androideabi/24/crtend_android.o]
    arg [/Users/jinxuan/Library/Android/sdk/ndk/22.1.7171670/toolchains/llvm/prebuilt/darwin-x86_64/bin/ld] ==> ignore
    arg [--sysroot=/Users/jinxuan/Library/Android/sdk/ndk/22.1.7171670/toolchains/llvm/prebuilt/darwin-x86_64/sysroot] ==> ignore
    arg [-pie] ==> ignore
    arg [-znoexecstack] ==> ignore
    arg [-EL] ==> ignore
    arg [--warn-shared-textrel] ==> ignore
    arg [-znow] ==> ignore
    arg [-zrelro] ==> ignore
    arg [-zmax-page-size=4096] ==> ignore
    arg [-X] ==> ignore
    arg [--hash-style=gnu] ==> ignore
    arg [--enable-new-dtags] ==> ignore
    arg [--eh-frame-hdr] ==> ignore
    arg [-m] ==> ignore
    arg [armelf_linux_eabi] ==> ignore
    arg [-dynamic-linker] ==> ignore
    arg [/system/bin/linker] ==> ignore
    arg [-o] ==> ignore
    arg [cmTC_001fc] ==> ignore
    arg [/Users/jinxuan/Library/Android/sdk/ndk/22.1.7171670/toolchains/llvm/prebuilt/darwin-x86_64/sysroot/usr/lib/arm-linux-androideabi/24/crtbegin_dynamic.o] ==> ignore
    arg [-L/Users/jinxuan/Library/Android/sdk/ndk/22.1.7171670/toolchains/llvm/prebuilt/darwin-x86_64/lib64/clang/11.0.5/lib/linux/arm] ==> dir [/Users/jinxuan/Library/Android/sdk/ndk/22.1.7171670/toolchains/llvm/prebuilt/darwin-x86_64/lib64/clang/11.0.5/lib/linux/arm]
    arg [-L/Users/jinxuan/Library/Android/sdk/ndk/22.1.7171670/toolchains/llvm/prebuilt/darwin-x86_64/lib/gcc/arm-linux-androideabi/4.9.x/armv7-a/thumb] ==> dir [/Users/jinxuan/Library/Android/sdk/ndk/22.1.7171670/toolchains/llvm/prebuilt/darwin-x86_64/lib/gcc/arm-linux-androideabi/4.9.x/armv7-a/thumb]
    arg [-L/Users/jinxuan/Library/Android/sdk/ndk/22.1.7171670/toolchains/llvm/prebuilt/darwin-x86_64/lib/gcc/arm-linux-androideabi/4.9.x/../../../../arm-linux-androideabi/lib/../lib/armv7-a/thumb] ==> dir [/Users/jinxuan/Library/Android/sdk/ndk/22.1.7171670/toolchains/llvm/prebuilt/darwin-x86_64/lib/gcc/arm-linux-androideabi/4.9.x/../../../../arm-linux-androideabi/lib/../lib/armv7-a/thumb]
    arg [-L/Users/jinxuan/Library/Android/sdk/ndk/22.1.7171670/toolchains/llvm/prebuilt/darwin-x86_64/sysroot/usr/lib/arm-linux-androideabi/24] ==> dir [/Users/jinxuan/Library/Android/sdk/ndk/22.1.7171670/toolchains/llvm/prebuilt/darwin-x86_64/sysroot/usr/lib/arm-linux-androideabi/24]
    arg [-L/Users/jinxuan/Library/Android/sdk/ndk/22.1.7171670/toolchains/llvm/prebuilt/darwin-x86_64/sysroot/usr/lib/arm-linux-androideabi] ==> dir [/Users/jinxuan/Library/Android/sdk/ndk/22.1.7171670/toolchains/llvm/prebuilt/darwin-x86_64/sysroot/usr/lib/arm-linux-androideabi]
    arg [-L/Users/jinxuan/Library/Android/sdk/ndk/22.1.7171670/toolchains/llvm/prebuilt/darwin-x86_64/sysroot/usr/lib/../lib] ==> dir [/Users/jinxuan/Library/Android/sdk/ndk/22.1.7171670/toolchains/llvm/prebuilt/darwin-x86_64/sysroot/usr/lib/../lib]
    arg [-L/Users/jinxuan/Library/Android/sdk/ndk/22.1.7171670/toolchains/llvm/prebuilt/darwin-x86_64/sysroot/usr/lib/arm-linux-androideabi/../../lib] ==> dir [/Users/jinxuan/Library/Android/sdk/ndk/22.1.7171670/toolchains/llvm/prebuilt/darwin-x86_64/sysroot/usr/lib/arm-linux-androideabi/../../lib]
    arg [-L/Users/jinxuan/Library/Android/sdk/ndk/22.1.7171670/toolchains/llvm/prebuilt/darwin-x86_64/lib/gcc/arm-linux-androideabi/4.9.x/../../../../arm-linux-androideabi/lib/armv7-a/thumb] ==> dir [/Users/jinxuan/Library/Android/sdk/ndk/22.1.7171670/toolchains/llvm/prebuilt/darwin-x86_64/lib/gcc/arm-linux-androideabi/4.9.x/../../../../arm-linux-androideabi/lib/armv7-a/thumb]
    arg [-L/Users/jinxuan/Library/Android/sdk/ndk/22.1.7171670/toolchains/llvm/prebuilt/darwin-x86_64/sysroot/usr/lib] ==> dir [/Users/jinxuan/Library/Android/sdk/ndk/22.1.7171670/toolchains/llvm/prebuilt/darwin-x86_64/sysroot/usr/lib]
    arg [--exclude-libs] ==> ignore
    arg [libgcc.a] ==> ignore
    arg [--exclude-libs] ==> ignore
    arg [libgcc_real.a] ==> ignore
    arg [--exclude-libs] ==> ignore
    arg [libatomic.a] ==> ignore
    arg [--build-id=sha1] ==> ignore
    arg [--no-rosegment] ==> ignore
    arg [--fatal-warnings] ==> ignore
    arg [--exclude-libs] ==> ignore
    arg [libunwind.a] ==> ignore
    arg [--no-undefined] ==> ignore
    arg [--gc-sections] ==> ignore
    arg [CMakeFiles/cmTC_001fc.dir/CMakeCCompilerABI.c.o] ==> ignore
    arg [-lgcc] ==> lib [gcc]
    arg [-ldl] ==> lib [dl]
    arg [-lc] ==> lib [c]
    arg [-lgcc] ==> lib [gcc]
    arg [-ldl] ==> lib [dl]
    arg [/Users/jinxuan/Library/Android/sdk/ndk/22.1.7171670/toolchains/llvm/prebuilt/darwin-x86_64/sysroot/usr/lib/arm-linux-androideabi/24/crtend_android.o] ==> ignore
  collapse library dir [/Users/jinxuan/Library/Android/sdk/ndk/22.1.7171670/toolchains/llvm/prebuilt/darwin-x86_64/lib64/clang/11.0.5/lib/linux/arm] ==> [/Users/jinxuan/Library/Android/sdk/ndk/22.1.7171670/toolchains/llvm/prebuilt/darwin-x86_64/lib64/clang/11.0.5/lib/linux/arm]
  collapse library dir [/Users/jinxuan/Library/Android/sdk/ndk/22.1.7171670/toolchains/llvm/prebuilt/darwin-x86_64/lib/gcc/arm-linux-androideabi/4.9.x/armv7-a/thumb] ==> [/Users/jinxuan/Library/Android/sdk/ndk/22.1.7171670/toolchains/llvm/prebuilt/darwin-x86_64/lib/gcc/arm-linux-androideabi/4.9.x/armv7-a/thumb]
  collapse library dir [/Users/jinxuan/Library/Android/sdk/ndk/22.1.7171670/toolchains/llvm/prebuilt/darwin-x86_64/lib/gcc/arm-linux-androideabi/4.9.x/../../../../arm-linux-androideabi/lib/../lib/armv7-a/thumb] ==> [/Users/jinxuan/Library/Android/sdk/ndk/22.1.7171670/toolchains/llvm/prebuilt/darwin-x86_64/arm-linux-androideabi/lib/armv7-a/thumb]
  collapse library dir [/Users/jinxuan/Library/Android/sdk/ndk/22.1.7171670/toolchains/llvm/prebuilt/darwin-x86_64/sysroot/usr/lib/arm-linux-androideabi/24] ==> [/Users/jinxuan/Library/Android/sdk/ndk/22.1.7171670/toolchains/llvm/prebuilt/darwin-x86_64/sysroot/usr/lib/arm-linux-androideabi/24]
  collapse library dir [/Users/jinxuan/Library/Android/sdk/ndk/22.1.7171670/toolchains/llvm/prebuilt/darwin-x86_64/sysroot/usr/lib/arm-linux-androideabi] ==> [/Users/jinxuan/Library/Android/sdk/ndk/22.1.7171670/toolchains/llvm/prebuilt/darwin-x86_64/sysroot/usr/lib/arm-linux-androideabi]
  collapse library dir [/Users/jinxuan/Library/Android/sdk/ndk/22.1.7171670/toolchains/llvm/prebuilt/darwin-x86_64/sysroot/usr/lib/../lib] ==> [/Users/jinxuan/Library/Android/sdk/ndk/22.1.7171670/toolchains/llvm/prebuilt/darwin-x86_64/sysroot/usr/lib]
  collapse library dir [/Users/jinxuan/Library/Android/sdk/ndk/22.1.7171670/toolchains/llvm/prebuilt/darwin-x86_64/sysroot/usr/lib/arm-linux-androideabi/../../lib] ==> [/Users/jinxuan/Library/Android/sdk/ndk/22.1.7171670/toolchains/llvm/prebuilt/darwin-x86_64/sysroot/usr/lib]
  collapse library dir [/Users/jinxuan/Library/Android/sdk/ndk/22.1.7171670/toolchains/llvm/prebuilt/darwin-x86_64/lib/gcc/arm-linux-androideabi/4.9.x/../../../../arm-linux-androideabi/lib/armv7-a/thumb] ==> [/Users/jinxuan/Library/Android/sdk/ndk/22.1.7171670/toolchains/llvm/prebuilt/darwin-x86_64/arm-linux-androideabi/lib/armv7-a/thumb]
  collapse library dir [/Users/jinxuan/Library/Android/sdk/ndk/22.1.7171670/toolchains/llvm/prebuilt/darwin-x86_64/sysroot/usr/lib] ==> [/Users/jinxuan/Library/Android/sdk/ndk/22.1.7171670/toolchains/llvm/prebuilt/darwin-x86_64/sysroot/usr/lib]
  implicit libs: [gcc;dl;c;gcc;dl]
  implicit dirs: [/Users/jinxuan/Library/Android/sdk/ndk/22.1.7171670/toolchains/llvm/prebuilt/darwin-x86_64/lib64/clang/11.0.5/lib/linux/arm;/Users/jinxuan/Library/Android/sdk/ndk/22.1.7171670/toolchains/llvm/prebuilt/darwin-x86_64/lib/gcc/arm-linux-androideabi/4.9.x/armv7-a/thumb;/Users/jinxuan/Library/Android/sdk/ndk/22.1.7171670/toolchains/llvm/prebuilt/darwin-x86_64/arm-linux-androideabi/lib/armv7-a/thumb;/Users/jinxuan/Library/Android/sdk/ndk/22.1.7171670/toolchains/llvm/prebuilt/darwin-x86_64/sysroot/usr/lib/arm-linux-androideabi/24;/Users/jinxuan/Library/Android/sdk/ndk/22.1.7171670/toolchains/llvm/prebuilt/darwin-x86_64/sysroot/usr/lib/arm-linux-androideabi;/Users/jinxuan/Library/Android/sdk/ndk/22.1.7171670/toolchains/llvm/prebuilt/darwin-x86_64/sysroot/usr/lib]
  implicit fwks: []




Detecting C [-std=c11] compiler features compiled with the following output:
Change Dir: /Users/jinxuan/data/develop/android/app/.cxx/cmake/debug/armeabi-v7a/CMakeFiles/CMakeTmp

Run Build Command:"/Users/jinxuan/Library/Android/sdk/cmake/3.10.2.4988404/bin/ninja" "cmTC_f2433"
[1/2] Building C object CMakeFiles/cmTC_f2433.dir/feature_tests.c.o
[2/2] Linking C executable cmTC_f2433


    Feature record: C_FEATURE:1c_function_prototypes
    Feature record: C_FEATURE:1c_restrict
    Feature record: C_FEATURE:1c_static_assert
    Feature record: C_FEATURE:1c_variadic_macros


Detecting C [-std=c99] compiler features compiled with the following output:
Change Dir: /Users/jinxuan/data/develop/android/app/.cxx/cmake/debug/armeabi-v7a/CMakeFiles/CMakeTmp

Run Build Command:"/Users/jinxuan/Library/Android/sdk/cmake/3.10.2.4988404/bin/ninja" "cmTC_362db"
[1/2] Building C object CMakeFiles/cmTC_362db.dir/feature_tests.c.o
[2/2] Linking C executable cmTC_362db


    Feature record: C_FEATURE:1c_function_prototypes
    Feature record: C_FEATURE:1c_restrict
    Feature record: C_FEATURE:0c_static_assert
    Feature record: C_FEATURE:1c_variadic_macros


Detecting C [-std=c90] compiler features compiled with the following output:
Change Dir: /Users/jinxuan/data/develop/android/app/.cxx/cmake/debug/armeabi-v7a/CMakeFiles/CMakeTmp

Run Build Command:"/Users/jinxuan/Library/Android/sdk/cmake/3.10.2.4988404/bin/ninja" "cmTC_d95d0"
[1/2] Building C object CMakeFiles/cmTC_d95d0.dir/feature_tests.c.o
[2/2] Linking C executable cmTC_d95d0


    Feature record: C_FEATURE:1c_function_prototypes
    Feature record: C_FEATURE:0c_restrict
    Feature record: C_FEATURE:0c_static_assert
    Feature record: C_FEATURE:0c_variadic_macros
Determining if the CXX compiler works passed with the following output:
Change Dir: /Users/jinxuan/data/develop/android/app/.cxx/cmake/debug/armeabi-v7a/CMakeFiles/CMakeTmp

Run Build Command:"/Users/jinxuan/Library/Android/sdk/cmake/3.10.2.4988404/bin/ninja" "cmTC_f9a56"
[1/2] Building CXX object CMakeFiles/cmTC_f9a56.dir/testCXXCompiler.cxx.o
[2/2] Linking CXX executable cmTC_f9a56


Detecting CXX compiler ABI info compiled with the following output:
Change Dir: /Users/jinxuan/data/develop/android/app/.cxx/cmake/debug/armeabi-v7a/CMakeFiles/CMakeTmp

Run Build Command:"/Users/jinxuan/Library/Android/sdk/cmake/3.10.2.4988404/bin/ninja" "cmTC_95832"
[1/2] Building CXX object CMakeFiles/cmTC_95832.dir/CMakeCXXCompilerABI.cpp.o
[2/2] Linking CXX executable cmTC_95832
Android (7155654, based on r399163b1) clang version 11.0.5 (https://android.googlesource.com/toolchain/llvm-project 87f1315dfbea7c137aa2e6d362dbb457e388158d)
Target: armv7-none-linux-android24
Thread model: posix
InstalledDir: /Users/jinxuan/Library/Android/sdk/ndk/22.1.7171670/toolchains/llvm/prebuilt/darwin-x86_64/bin
Found candidate GCC installation: /Users/jinxuan/Library/Android/sdk/ndk/22.1.7171670/toolchains/llvm/prebuilt/darwin-x86_64/lib/gcc/arm-linux-androideabi/4.9.x
Selected GCC installation: /Users/jinxuan/Library/Android/sdk/ndk/22.1.7171670/toolchains/llvm/prebuilt/darwin-x86_64/lib/gcc/arm-linux-androideabi/4.9.x
Candidate multilib: thumb;@mthumb
Candidate multilib: armv7-a;@march=armv7-a
Candidate multilib: armv7-a/thumb;@march=armv7-a@mthumb
Candidate multilib: .;
Selected multilib: armv7-a/thumb;@march=armv7-a@mthumb
 "/Users/jinxuan/Library/Android/sdk/ndk/22.1.7171670/toolchains/llvm/prebuilt/darwin-x86_64/bin/ld" --sysroot=/Users/jinxuan/Library/Android/sdk/ndk/22.1.7171670/toolchains/llvm/prebuilt/darwin-x86_64/sysroot -pie -z noexecstack -EL --warn-shared-textrel -z now -z relro -z max-page-size=4096 -X --hash-style=gnu --enable-new-dtags --eh-frame-hdr -m armelf_linux_eabi -dynamic-linker /system/bin/linker -o cmTC_95832 /Users/jinxuan/Library/Android/sdk/ndk/22.1.7171670/toolchains/llvm/prebuilt/darwin-x86_64/sysroot/usr/lib/arm-linux-androideabi/24/crtbegin_dynamic.o -L/Users/jinxuan/Library/Android/sdk/ndk/22.1.7171670/toolchains/llvm/prebuilt/darwin-x86_64/lib64/clang/11.0.5/lib/linux/arm -L/Users/jinxuan/Library/Android/sdk/ndk/22.1.7171670/toolchains/llvm/prebuilt/darwin-x86_64/lib/gcc/arm-linux-androideabi/4.9.x/armv7-a/thumb -L/Users/jinxuan/Library/Android/sdk/ndk/22.1.7171670/toolchains/llvm/prebuilt/darwin-x86_64/lib/gcc/arm-linux-androideabi/4.9.x/../../../../arm-linux-androideabi/lib/../lib/armv7-a/thumb -L/Users/jinxuan/Library/Android/sdk/ndk/22.1.7171670/toolchains/llvm/prebuilt/darwin-x86_64/sysroot/usr/lib/arm-linux-androideabi/24 -L/Users/jinxuan/Library/Android/sdk/ndk/22.1.7171670/toolchains/llvm/prebuilt/darwin-x86_64/sysroot/usr/lib/arm-linux-androideabi -L/Users/jinxuan/Library/Android/sdk/ndk/22.1.7171670/toolchains/llvm/prebuilt/darwin-x86_64/sysroot/usr/lib/../lib -L/Users/jinxuan/Library/Android/sdk/ndk/22.1.7171670/toolchains/llvm/prebuilt/darwin-x86_64/sysroot/usr/lib/arm-linux-androideabi/../../lib -L/Users/jinxuan/Library/Android/sdk/ndk/22.1.7171670/toolchains/llvm/prebuilt/darwin-x86_64/lib/gcc/arm-linux-androideabi/4.9.x/../../../../arm-linux-androideabi/lib/armv7-a/thumb -L/Users/jinxuan/Library/Android/sdk/ndk/22.1.7171670/toolchains/llvm/prebuilt/darwin-x86_64/sysroot/usr/lib --exclude-libs libgcc.a --exclude-libs libgcc_real.a --exclude-libs libatomic.a --build-id=sha1 --no-rosegment --fatal-warnings --exclude-libs libunwind.a --no-undefined --gc-sections CMakeFiles/cmTC_95832.dir/CMakeCXXCompilerABI.cpp.o -Bstatic -lc++ -Bdynamic -lm -lgcc -ldl -lc -lgcc -ldl /Users/jinxuan/Library/Android/sdk/ndk/22.1.7171670/toolchains/llvm/prebuilt/darwin-x86_64/sysroot/usr/lib/arm-linux-androideabi/24/crtend_android.o


Parsed CXX implicit link information from above output:
  link line regex: [^( *|.*[/\])(CMAKE_LINKER-NOTFOUND|CMAKE_LINK_STARTFILE-NOTFOUND|([^/\]+-)?ld|collect2)[^/\]*( |$)]
  ignore line: [Change Dir: /Users/jinxuan/data/develop/android/app/.cxx/cmake/debug/armeabi-v7a/CMakeFiles/CMakeTmp]
  ignore line: []
  ignore line: [Run Build Command:"/Users/jinxuan/Library/Android/sdk/cmake/3.10.2.4988404/bin/ninja" "cmTC_95832"]
  ignore line: [[1/2] Building CXX object CMakeFiles/cmTC_95832.dir/CMakeCXXCompilerABI.cpp.o]
  ignore line: [[2/2] Linking CXX executable cmTC_95832]
  ignore line: [Android (7155654, based on r399163b1) clang version 11.0.5 (https://android.googlesource.com/toolchain/llvm-project 87f1315dfbea7c137aa2e6d362dbb457e388158d)]
  ignore line: [Target: armv7-none-linux-android24]
  ignore line: [Thread model: posix]
  ignore line: [InstalledDir: /Users/jinxuan/Library/Android/sdk/ndk/22.1.7171670/toolchains/llvm/prebuilt/darwin-x86_64/bin]
  ignore line: [Found candidate GCC installation: /Users/jinxuan/Library/Android/sdk/ndk/22.1.7171670/toolchains/llvm/prebuilt/darwin-x86_64/lib/gcc/arm-linux-androideabi/4.9.x]
  ignore line: [Selected GCC installation: /Users/jinxuan/Library/Android/sdk/ndk/22.1.7171670/toolchains/llvm/prebuilt/darwin-x86_64/lib/gcc/arm-linux-androideabi/4.9.x]
  ignore line: [Candidate multilib: thumb]
  ignore line: [@mthumb]
  ignore line: [Candidate multilib: armv7-a]
  ignore line: [@march=armv7-a]
  ignore line: [Candidate multilib: armv7-a/thumb]
  ignore line: [@march=armv7-a@mthumb]
  ignore line: [Candidate multilib: .]
  ignore line: []
  ignore line: [Selected multilib: armv7-a/thumb]
  ignore line: [@march=armv7-a@mthumb]
  link line: [ "/Users/jinxuan/Library/Android/sdk/ndk/22.1.7171670/toolchains/llvm/prebuilt/darwin-x86_64/bin/ld" --sysroot=/Users/jinxuan/Library/Android/sdk/ndk/22.1.7171670/toolchains/llvm/prebuilt/darwin-x86_64/sysroot -pie -z noexecstack -EL --warn-shared-textrel -z now -z relro -z max-page-size=4096 -X --hash-style=gnu --enable-new-dtags --eh-frame-hdr -m armelf_linux_eabi -dynamic-linker /system/bin/linker -o cmTC_95832 /Users/jinxuan/Library/Android/sdk/ndk/22.1.7171670/toolchains/llvm/prebuilt/darwin-x86_64/sysroot/usr/lib/arm-linux-androideabi/24/crtbegin_dynamic.o -L/Users/jinxuan/Library/Android/sdk/ndk/22.1.7171670/toolchains/llvm/prebuilt/darwin-x86_64/lib64/clang/11.0.5/lib/linux/arm -L/Users/jinxuan/Library/Android/sdk/ndk/22.1.7171670/toolchains/llvm/prebuilt/darwin-x86_64/lib/gcc/arm-linux-androideabi/4.9.x/armv7-a/thumb -L/Users/jinxuan/Library/Android/sdk/ndk/22.1.7171670/toolchains/llvm/prebuilt/darwin-x86_64/lib/gcc/arm-linux-androideabi/4.9.x/../../../../arm-linux-androideabi/lib/../lib/armv7-a/thumb -L/Users/jinxuan/Library/Android/sdk/ndk/22.1.7171670/toolchains/llvm/prebuilt/darwin-x86_64/sysroot/usr/lib/arm-linux-androideabi/24 -L/Users/jinxuan/Library/Android/sdk/ndk/22.1.7171670/toolchains/llvm/prebuilt/darwin-x86_64/sysroot/usr/lib/arm-linux-androideabi -L/Users/jinxuan/Library/Android/sdk/ndk/22.1.7171670/toolchains/llvm/prebuilt/darwin-x86_64/sysroot/usr/lib/../lib -L/Users/jinxuan/Library/Android/sdk/ndk/22.1.7171670/toolchains/llvm/prebuilt/darwin-x86_64/sysroot/usr/lib/arm-linux-androideabi/../../lib -L/Users/jinxuan/Library/Android/sdk/ndk/22.1.7171670/toolchains/llvm/prebuilt/darwin-x86_64/lib/gcc/arm-linux-androideabi/4.9.x/../../../../arm-linux-androideabi/lib/armv7-a/thumb -L/Users/jinxuan/Library/Android/sdk/ndk/22.1.7171670/toolchains/llvm/prebuilt/darwin-x86_64/sysroot/usr/lib --exclude-libs libgcc.a --exclude-libs libgcc_real.a --exclude-libs libatomic.a --build-id=sha1 --no-rosegment --fatal-warnings --exclude-libs libunwind.a --no-undefined --gc-sections CMakeFiles/cmTC_95832.dir/CMakeCXXCompilerABI.cpp.o -Bstatic -lc++ -Bdynamic -lm -lgcc -ldl -lc -lgcc -ldl /Users/jinxuan/Library/Android/sdk/ndk/22.1.7171670/toolchains/llvm/prebuilt/darwin-x86_64/sysroot/usr/lib/arm-linux-androideabi/24/crtend_android.o]
    arg [/Users/jinxuan/Library/Android/sdk/ndk/22.1.7171670/toolchains/llvm/prebuilt/darwin-x86_64/bin/ld] ==> ignore
    arg [--sysroot=/Users/jinxuan/Library/Android/sdk/ndk/22.1.7171670/toolchains/llvm/prebuilt/darwin-x86_64/sysroot] ==> ignore
    arg [-pie] ==> ignore
    arg [-znoexecstack] ==> ignore
    arg [-EL] ==> ignore
    arg [--warn-shared-textrel] ==> ignore
    arg [-znow] ==> ignore
    arg [-zrelro] ==> ignore
    arg [-zmax-page-size=4096] ==> ignore
    arg [-X] ==> ignore
    arg [--hash-style=gnu] ==> ignore
    arg [--enable-new-dtags] ==> ignore
    arg [--eh-frame-hdr] ==> ignore
    arg [-m] ==> ignore
    arg [armelf_linux_eabi] ==> ignore
    arg [-dynamic-linker] ==> ignore
    arg [/system/bin/linker] ==> ignore
    arg [-o] ==> ignore
    arg [cmTC_95832] ==> ignore
    arg [/Users/jinxuan/Library/Android/sdk/ndk/22.1.7171670/toolchains/llvm/prebuilt/darwin-x86_64/sysroot/usr/lib/arm-linux-androideabi/24/crtbegin_dynamic.o] ==> ignore
    arg [-L/Users/jinxuan/Library/Android/sdk/ndk/22.1.7171670/toolchains/llvm/prebuilt/darwin-x86_64/lib64/clang/11.0.5/lib/linux/arm] ==> dir [/Users/jinxuan/Library/Android/sdk/ndk/22.1.7171670/toolchains/llvm/prebuilt/darwin-x86_64/lib64/clang/11.0.5/lib/linux/arm]
    arg [-L/Users/jinxuan/Library/Android/sdk/ndk/22.1.7171670/toolchains/llvm/prebuilt/darwin-x86_64/lib/gcc/arm-linux-androideabi/4.9.x/armv7-a/thumb] ==> dir [/Users/jinxuan/Library/Android/sdk/ndk/22.1.7171670/toolchains/llvm/prebuilt/darwin-x86_64/lib/gcc/arm-linux-androideabi/4.9.x/armv7-a/thumb]
    arg [-L/Users/jinxuan/Library/Android/sdk/ndk/22.1.7171670/toolchains/llvm/prebuilt/darwin-x86_64/lib/gcc/arm-linux-androideabi/4.9.x/../../../../arm-linux-androideabi/lib/../lib/armv7-a/thumb] ==> dir [/Users/jinxuan/Library/Android/sdk/ndk/22.1.7171670/toolchains/llvm/prebuilt/darwin-x86_64/lib/gcc/arm-linux-androideabi/4.9.x/../../../../arm-linux-androideabi/lib/../lib/armv7-a/thumb]
    arg [-L/Users/jinxuan/Library/Android/sdk/ndk/22.1.7171670/toolchains/llvm/prebuilt/darwin-x86_64/sysroot/usr/lib/arm-linux-androideabi/24] ==> dir [/Users/jinxuan/Library/Android/sdk/ndk/22.1.7171670/toolchains/llvm/prebuilt/darwin-x86_64/sysroot/usr/lib/arm-linux-androideabi/24]
    arg [-L/Users/jinxuan/Library/Android/sdk/ndk/22.1.7171670/toolchains/llvm/prebuilt/darwin-x86_64/sysroot/usr/lib/arm-linux-androideabi] ==> dir [/Users/jinxuan/Library/Android/sdk/ndk/22.1.7171670/toolchains/llvm/prebuilt/darwin-x86_64/sysroot/usr/lib/arm-linux-androideabi]
    arg [-L/Users/jinxuan/Library/Android/sdk/ndk/22.1.7171670/toolchains/llvm/prebuilt/darwin-x86_64/sysroot/usr/lib/../lib] ==> dir [/Users/jinxuan/Library/Android/sdk/ndk/22.1.7171670/toolchains/llvm/prebuilt/darwin-x86_64/sysroot/usr/lib/../lib]
    arg [-L/Users/jinxuan/Library/Android/sdk/ndk/22.1.7171670/toolchains/llvm/prebuilt/darwin-x86_64/sysroot/usr/lib/arm-linux-androideabi/../../lib] ==> dir [/Users/jinxuan/Library/Android/sdk/ndk/22.1.7171670/toolchains/llvm/prebuilt/darwin-x86_64/sysroot/usr/lib/arm-linux-androideabi/../../lib]
    arg [-L/Users/jinxuan/Library/Android/sdk/ndk/22.1.7171670/toolchains/llvm/prebuilt/darwin-x86_64/lib/gcc/arm-linux-androideabi/4.9.x/../../../../arm-linux-androideabi/lib/armv7-a/thumb] ==> dir [/Users/jinxuan/Library/Android/sdk/ndk/22.1.7171670/toolchains/llvm/prebuilt/darwin-x86_64/lib/gcc/arm-linux-androideabi/4.9.x/../../../../arm-linux-androideabi/lib/armv7-a/thumb]
    arg [-L/Users/jinxuan/Library/Android/sdk/ndk/22.1.7171670/toolchains/llvm/prebuilt/darwin-x86_64/sysroot/usr/lib] ==> dir [/Users/jinxuan/Library/Android/sdk/ndk/22.1.7171670/toolchains/llvm/prebuilt/darwin-x86_64/sysroot/usr/lib]
    arg [--exclude-libs] ==> ignore
    arg [libgcc.a] ==> ignore
    arg [--exclude-libs] ==> ignore
    arg [libgcc_real.a] ==> ignore
    arg [--exclude-libs] ==> ignore
    arg [libatomic.a] ==> ignore
    arg [--build-id=sha1] ==> ignore
    arg [--no-rosegment] ==> ignore
    arg [--fatal-warnings] ==> ignore
    arg [--exclude-libs] ==> ignore
    arg [libunwind.a] ==> ignore
    arg [--no-undefined] ==> ignore
    arg [--gc-sections] ==> ignore
    arg [CMakeFiles/cmTC_95832.dir/CMakeCXXCompilerABI.cpp.o] ==> ignore
    arg [-Bstatic] ==> ignore
    arg [-lc++] ==> lib [c++]
    arg [-Bdynamic] ==> ignore
    arg [-lm] ==> lib [m]
    arg [-lgcc] ==> lib [gcc]
    arg [-ldl] ==> lib [dl]
    arg [-lc] ==> lib [c]
    arg [-lgcc] ==> lib [gcc]
    arg [-ldl] ==> lib [dl]
    arg [/Users/jinxuan/Library/Android/sdk/ndk/22.1.7171670/toolchains/llvm/prebuilt/darwin-x86_64/sysroot/usr/lib/arm-linux-androideabi/24/crtend_android.o] ==> ignore
  collapse library dir [/Users/jinxuan/Library/Android/sdk/ndk/22.1.7171670/toolchains/llvm/prebuilt/darwin-x86_64/lib64/clang/11.0.5/lib/linux/arm] ==> [/Users/jinxuan/Library/Android/sdk/ndk/22.1.7171670/toolchains/llvm/prebuilt/darwin-x86_64/lib64/clang/11.0.5/lib/linux/arm]
  collapse library dir [/Users/jinxuan/Library/Android/sdk/ndk/22.1.7171670/toolchains/llvm/prebuilt/darwin-x86_64/lib/gcc/arm-linux-androideabi/4.9.x/armv7-a/thumb] ==> [/Users/jinxuan/Library/Android/sdk/ndk/22.1.7171670/toolchains/llvm/prebuilt/darwin-x86_64/lib/gcc/arm-linux-androideabi/4.9.x/armv7-a/thumb]
  collapse library dir [/Users/jinxuan/Library/Android/sdk/ndk/22.1.7171670/toolchains/llvm/prebuilt/darwin-x86_64/lib/gcc/arm-linux-androideabi/4.9.x/../../../../arm-linux-androideabi/lib/../lib/armv7-a/thumb] ==> [/Users/jinxuan/Library/Android/sdk/ndk/22.1.7171670/toolchains/llvm/prebuilt/darwin-x86_64/arm-linux-androideabi/lib/armv7-a/thumb]
  collapse library dir [/Users/jinxuan/Library/Android/sdk/ndk/22.1.7171670/toolchains/llvm/prebuilt/darwin-x86_64/sysroot/usr/lib/arm-linux-androideabi/24] ==> [/Users/jinxuan/Library/Android/sdk/ndk/22.1.7171670/toolchains/llvm/prebuilt/darwin-x86_64/sysroot/usr/lib/arm-linux-androideabi/24]
  collapse library dir [/Users/jinxuan/Library/Android/sdk/ndk/22.1.7171670/toolchains/llvm/prebuilt/darwin-x86_64/sysroot/usr/lib/arm-linux-androideabi] ==> [/Users/jinxuan/Library/Android/sdk/ndk/22.1.7171670/toolchains/llvm/prebuilt/darwin-x86_64/sysroot/usr/lib/arm-linux-androideabi]
  collapse library dir [/Users/jinxuan/Library/Android/sdk/ndk/22.1.7171670/toolchains/llvm/prebuilt/darwin-x86_64/sysroot/usr/lib/../lib] ==> [/Users/jinxuan/Library/Android/sdk/ndk/22.1.7171670/toolchains/llvm/prebuilt/darwin-x86_64/sysroot/usr/lib]
  collapse library dir [/Users/jinxuan/Library/Android/sdk/ndk/22.1.7171670/toolchains/llvm/prebuilt/darwin-x86_64/sysroot/usr/lib/arm-linux-androideabi/../../lib] ==> [/Users/jinxuan/Library/Android/sdk/ndk/22.1.7171670/toolchains/llvm/prebuilt/darwin-x86_64/sysroot/usr/lib]
  collapse library dir [/Users/jinxuan/Library/Android/sdk/ndk/22.1.7171670/toolchains/llvm/prebuilt/darwin-x86_64/lib/gcc/arm-linux-androideabi/4.9.x/../../../../arm-linux-androideabi/lib/armv7-a/thumb] ==> [/Users/jinxuan/Library/Android/sdk/ndk/22.1.7171670/toolchains/llvm/prebuilt/darwin-x86_64/arm-linux-androideabi/lib/armv7-a/thumb]
  collapse library dir [/Users/jinxuan/Library/Android/sdk/ndk/22.1.7171670/toolchains/llvm/prebuilt/darwin-x86_64/sysroot/usr/lib] ==> [/Users/jinxuan/Library/Android/sdk/ndk/22.1.7171670/toolchains/llvm/prebuilt/darwin-x86_64/sysroot/usr/lib]
  implicit libs: [c++;m;gcc;dl;c;gcc;dl]
  implicit dirs: [/Users/jinxuan/Library/Android/sdk/ndk/22.1.7171670/toolchains/llvm/prebuilt/darwin-x86_64/lib64/clang/11.0.5/lib/linux/arm;/Users/jinxuan/Library/Android/sdk/ndk/22.1.7171670/toolchains/llvm/prebuilt/darwin-x86_64/lib/gcc/arm-linux-androideabi/4.9.x/armv7-a/thumb;/Users/jinxuan/Library/Android/sdk/ndk/22.1.7171670/toolchains/llvm/prebuilt/darwin-x86_64/arm-linux-androideabi/lib/armv7-a/thumb;/Users/jinxuan/Library/Android/sdk/ndk/22.1.7171670/toolchains/llvm/prebuilt/darwin-x86_64/sysroot/usr/lib/arm-linux-androideabi/24;/Users/jinxuan/Library/Android/sdk/ndk/22.1.7171670/toolchains/llvm/prebuilt/darwin-x86_64/sysroot/usr/lib/arm-linux-androideabi;/Users/jinxuan/Library/Android/sdk/ndk/22.1.7171670/toolchains/llvm/prebuilt/darwin-x86_64/sysroot/usr/lib]
  implicit fwks: []




Detecting CXX [-std=c++1z] compiler features compiled with the following output:
Change Dir: /Users/jinxuan/data/develop/android/app/.cxx/cmake/debug/armeabi-v7a/CMakeFiles/CMakeTmp

Run Build Command:"/Users/jinxuan/Library/Android/sdk/cmake/3.10.2.4988404/bin/ninja" "cmTC_61dcd"
[1/2] Building CXX object CMakeFiles/cmTC_61dcd.dir/feature_tests.cxx.o
[2/2] Linking CXX executable cmTC_61dcd


    Feature record: CXX_FEATURE:1cxx_aggregate_default_initializers
    Feature record: CXX_FEATURE:1cxx_alias_templates
    Feature record: CXX_FEATURE:1cxx_alignas
    Feature record: CXX_FEATURE:1cxx_alignof
    Feature record: CXX_FEATURE:1cxx_attributes
    Feature record: CXX_FEATURE:1cxx_attribute_deprecated
    Feature record: CXX_FEATURE:1cxx_auto_type
    Feature record: CXX_FEATURE:1cxx_binary_literals
    Feature record: CXX_FEATURE:1cxx_constexpr
    Feature record: CXX_FEATURE:1cxx_contextual_conversions
    Feature record: CXX_FEATURE:1cxx_decltype
    Feature record: CXX_FEATURE:1cxx_decltype_auto
    Feature record: CXX_FEATURE:1cxx_decltype_incomplete_return_types
    Feature record: CXX_FEATURE:1cxx_default_function_template_args
    Feature record: CXX_FEATURE:1cxx_defaulted_functions
    Feature record: CXX_FEATURE:1cxx_defaulted_move_initializers
    Feature record: CXX_FEATURE:1cxx_delegating_constructors
    Feature record: CXX_FEATURE:1cxx_deleted_functions
    Feature record: CXX_FEATURE:1cxx_digit_separators
    Feature record: CXX_FEATURE:1cxx_enum_forward_declarations
    Feature record: CXX_FEATURE:1cxx_explicit_conversions
    Feature record: CXX_FEATURE:1cxx_extended_friend_declarations
    Feature record: CXX_FEATURE:1cxx_extern_templates
    Feature record: CXX_FEATURE:1cxx_final
    Feature record: CXX_FEATURE:1cxx_func_identifier
    Feature record: CXX_FEATURE:1cxx_generalized_initializers
    Feature record: CXX_FEATURE:1cxx_generic_lambdas
    Feature record: CXX_FEATURE:1cxx_inheriting_constructors
    Feature record: CXX_FEATURE:1cxx_inline_namespaces
    Feature record: CXX_FEATURE:1cxx_lambdas
    Feature record: CXX_FEATURE:1cxx_lambda_init_captures
    Feature record: CXX_FEATURE:1cxx_local_type_template_args
    Feature record: CXX_FEATURE:1cxx_long_long_type
    Feature record: CXX_FEATURE:1cxx_noexcept
    Feature record: CXX_FEATURE:1cxx_nonstatic_member_init
    Feature record: CXX_FEATURE:1cxx_nullptr
    Feature record: CXX_FEATURE:1cxx_override
    Feature record: CXX_FEATURE:1cxx_range_for
    Feature record: CXX_FEATURE:1cxx_raw_string_literals
    Feature record: CXX_FEATURE:1cxx_reference_qualified_functions
    Feature record: CXX_FEATURE:1cxx_relaxed_constexpr
    Feature record: CXX_FEATURE:1cxx_return_type_deduction
    Feature record: CXX_FEATURE:1cxx_right_angle_brackets
    Feature record: CXX_FEATURE:1cxx_rvalue_references
    Feature record: CXX_FEATURE:1cxx_sizeof_member
    Feature record: CXX_FEATURE:1cxx_static_assert
    Feature record: CXX_FEATURE:1cxx_strong_enums
    Feature record: CXX_FEATURE:1cxx_template_template_parameters
    Feature record: CXX_FEATURE:1cxx_thread_local
    Feature record: CXX_FEATURE:1cxx_trailing_return_types
    Feature record: CXX_FEATURE:1cxx_unicode_literals
    Feature record: CXX_FEATURE:1cxx_uniform_initialization
    Feature record: CXX_FEATURE:1cxx_unrestricted_unions
    Feature record: CXX_FEATURE:1cxx_user_literals
    Feature record: CXX_FEATURE:1cxx_variable_templates
    Feature record: CXX_FEATURE:1cxx_variadic_macros
    Feature record: CXX_FEATURE:1cxx_variadic_templates


Detecting CXX [-std=c++14] compiler features compiled with the following output:
Change Dir: /Users/jinxuan/data/develop/android/app/.cxx/cmake/debug/armeabi-v7a/CMakeFiles/CMakeTmp

Run Build Command:"/Users/jinxuan/Library/Android/sdk/cmake/3.10.2.4988404/bin/ninja" "cmTC_fd36b"
[1/2] Building CXX object CMakeFiles/cmTC_fd36b.dir/feature_tests.cxx.o
[2/2] Linking CXX executable cmTC_fd36b


    Feature record: CXX_FEATURE:1cxx_aggregate_default_initializers
    Feature record: CXX_FEATURE:1cxx_alias_templates
    Feature record: CXX_FEATURE:1cxx_alignas
    Feature record: CXX_FEATURE:1cxx_alignof
    Feature record: CXX_FEATURE:1cxx_attributes
    Feature record: CXX_FEATURE:1cxx_attribute_deprecated
    Feature record: CXX_FEATURE:1cxx_auto_type
    Feature record: CXX_FEATURE:1cxx_binary_literals
    Feature record: CXX_FEATURE:1cxx_constexpr
    Feature record: CXX_FEATURE:1cxx_contextual_conversions
    Feature record: CXX_FEATURE:1cxx_decltype
    Feature record: CXX_FEATURE:1cxx_decltype_auto
    Feature record: CXX_FEATURE:1cxx_decltype_incomplete_return_types
    Feature record: CXX_FEATURE:1cxx_default_function_template_args
    Feature record: CXX_FEATURE:1cxx_defaulted_functions
    Feature record: CXX_FEATURE:1cxx_defaulted_move_initializers
    Feature record: CXX_FEATURE:1cxx_delegating_constructors
    Feature record: CXX_FEATURE:1cxx_deleted_functions
    Feature record: CXX_FEATURE:1cxx_digit_separators
    Feature record: CXX_FEATURE:1cxx_enum_forward_declarations
    Feature record: CXX_FEATURE:1cxx_explicit_conversions
    Feature record: CXX_FEATURE:1cxx_extended_friend_declarations
    Feature record: CXX_FEATURE:1cxx_extern_templates
    Feature record: CXX_FEATURE:1cxx_final
    Feature record: CXX_FEATURE:1cxx_func_identifier
    Feature record: CXX_FEATURE:1cxx_generalized_initializers
    Feature record: CXX_FEATURE:1cxx_generic_lambdas
    Feature record: CXX_FEATURE:1cxx_inheriting_constructors
    Feature record: CXX_FEATURE:1cxx_inline_namespaces
    Feature record: CXX_FEATURE:1cxx_lambdas
    Feature record: CXX_FEATURE:1cxx_lambda_init_captures
    Feature record: CXX_FEATURE:1cxx_local_type_template_args
    Feature record: CXX_FEATURE:1cxx_long_long_type
    Feature record: CXX_FEATURE:1cxx_noexcept
    Feature record: CXX_FEATURE:1cxx_nonstatic_member_init
    Feature record: CXX_FEATURE:1cxx_nullptr
    Feature record: CXX_FEATURE:1cxx_override
    Feature record: CXX_FEATURE:1cxx_range_for
    Feature record: CXX_FEATURE:1cxx_raw_string_literals
    Feature record: CXX_FEATURE:1cxx_reference_qualified_functions
    Feature record: CXX_FEATURE:1cxx_relaxed_constexpr
    Feature record: CXX_FEATURE:1cxx_return_type_deduction
    Feature record: CXX_FEATURE:1cxx_right_angle_brackets
    Feature record: CXX_FEATURE:1cxx_rvalue_references
    Feature record: CXX_FEATURE:1cxx_sizeof_member
    Feature record: CXX_FEATURE:1cxx_static_assert
    Feature record: CXX_FEATURE:1cxx_strong_enums
    Feature record: CXX_FEATURE:1cxx_template_template_parameters
    Feature record: CXX_FEATURE:1cxx_thread_local
    Feature record: CXX_FEATURE:1cxx_trailing_return_types
    Feature record: CXX_FEATURE:1cxx_unicode_literals
    Feature record: CXX_FEATURE:1cxx_uniform_initialization
    Feature record: CXX_FEATURE:1cxx_unrestricted_unions
    Feature record: CXX_FEATURE:1cxx_user_literals
    Feature record: CXX_FEATURE:1cxx_variable_templates
    Feature record: CXX_FEATURE:1cxx_variadic_macros
    Feature record: CXX_FEATURE:1cxx_variadic_templates


Detecting CXX [-std=c++11] compiler features compiled with the following output:
Change Dir: /Users/jinxuan/data/develop/android/app/.cxx/cmake/debug/armeabi-v7a/CMakeFiles/CMakeTmp

Run Build Command:"/Users/jinxuan/Library/Android/sdk/cmake/3.10.2.4988404/bin/ninja" "cmTC_f7c01"
[1/2] Building CXX object CMakeFiles/cmTC_f7c01.dir/feature_tests.cxx.o
[2/2] Linking CXX executable cmTC_f7c01


    Feature record: CXX_FEATURE:0cxx_aggregate_default_initializers
    Feature record: CXX_FEATURE:1cxx_alias_templates
    Feature record: CXX_FEATURE:1cxx_alignas
    Feature record: CXX_FEATURE:1cxx_alignof
    Feature record: CXX_FEATURE:1cxx_attributes
    Feature record: CXX_FEATURE:0cxx_attribute_deprecated
    Feature record: CXX_FEATURE:1cxx_auto_type
    Feature record: CXX_FEATURE:0cxx_binary_literals
    Feature record: CXX_FEATURE:1cxx_constexpr
    Feature record: CXX_FEATURE:0cxx_contextual_conversions
    Feature record: CXX_FEATURE:1cxx_decltype
    Feature record: CXX_FEATURE:0cxx_decltype_auto
    Feature record: CXX_FEATURE:1cxx_decltype_incomplete_return_types
    Feature record: CXX_FEATURE:1cxx_default_function_template_args
    Feature record: CXX_FEATURE:1cxx_defaulted_functions
    Feature record: CXX_FEATURE:1cxx_defaulted_move_initializers
    Feature record: CXX_FEATURE:1cxx_delegating_constructors
    Feature record: CXX_FEATURE:1cxx_deleted_functions
    Feature record: CXX_FEATURE:0cxx_digit_separators
    Feature record: CXX_FEATURE:1cxx_enum_forward_declarations
    Feature record: CXX_FEATURE:1cxx_explicit_conversions
    Feature record: CXX_FEATURE:1cxx_extended_friend_declarations
    Feature record: CXX_FEATURE:1cxx_extern_templates
    Feature record: CXX_FEATURE:1cxx_final
    Feature record: CXX_FEATURE:1cxx_func_identifier
    Feature record: CXX_FEATURE:1cxx_generalized_initializers
    Feature record: CXX_FEATURE:0cxx_generic_lambdas
    Feature record: CXX_FEATURE:1cxx_inheriting_constructors
    Feature record: CXX_FEATURE:1cxx_inline_namespaces
    Feature record: CXX_FEATURE:1cxx_lambdas
    Feature record: CXX_FEATURE:0cxx_lambda_init_captures
    Feature record: CXX_FEATURE:1cxx_local_type_template_args
    Feature record: CXX_FEATURE:1cxx_long_long_type
    Feature record: CXX_FEATURE:1cxx_noexcept
    Feature record: CXX_FEATURE:1cxx_nonstatic_member_init
    Feature record: CXX_FEATURE:1cxx_nullptr
    Feature record: CXX_FEATURE:1cxx_override
    Feature record: CXX_FEATURE:1cxx_range_for
    Feature record: CXX_FEATURE:1cxx_raw_string_literals
    Feature record: CXX_FEATURE:1cxx_reference_qualified_functions
    Feature record: CXX_FEATURE:0cxx_relaxed_constexpr
    Feature record: CXX_FEATURE:0cxx_return_type_deduction
    Feature record: CXX_FEATURE:1cxx_right_angle_brackets
    Feature record: CXX_FEATURE:1cxx_rvalue_references
    Feature record: CXX_FEATURE:1cxx_sizeof_member
    Feature record: CXX_FEATURE:1cxx_static_assert
    Feature record: CXX_FEATURE:1cxx_strong_enums
    Feature record: CXX_FEATURE:1cxx_template_template_parameters
    Feature record: CXX_FEATURE:1cxx_thread_local
    Feature record: CXX_FEATURE:1cxx_trailing_return_types
    Feature record: CXX_FEATURE:1cxx_unicode_literals
    Feature record: CXX_FEATURE:1cxx_uniform_initialization
    Feature record: CXX_FEATURE:1cxx_unrestricted_unions
    Feature record: CXX_FEATURE:1cxx_user_literals
    Feature record: CXX_FEATURE:0cxx_variable_templates
    Feature record: CXX_FEATURE:1cxx_variadic_macros
    Feature record: CXX_FEATURE:1cxx_variadic_templates


Detecting CXX [-std=c++98] compiler features compiled with the following output:
Change Dir: /Users/jinxuan/data/develop/android/app/.cxx/cmake/debug/armeabi-v7a/CMakeFiles/CMakeTmp

Run Build Command:"/Users/jinxuan/Library/Android/sdk/cmake/3.10.2.4988404/bin/ninja" "cmTC_719b4"
[1/2] Building CXX object CMakeFiles/cmTC_719b4.dir/feature_tests.cxx.o
[2/2] Linking CXX executable cmTC_719b4


    Feature record: CXX_FEATURE:0cxx_aggregate_default_initializers
    Feature record: CXX_FEATURE:0cxx_alias_templates
    Feature record: CXX_FEATURE:0cxx_alignas
    Feature record: CXX_FEATURE:0cxx_alignof
    Feature record: CXX_FEATURE:0cxx_attributes
    Feature record: CXX_FEATURE:0cxx_attribute_deprecated
    Feature record: CXX_FEATURE:0cxx_auto_type
    Feature record: CXX_FEATURE:0cxx_binary_literals
    Feature record: CXX_FEATURE:0cxx_constexpr
    Feature record: CXX_FEATURE:0cxx_contextual_conversions
    Feature record: CXX_FEATURE:0cxx_decltype
    Feature record: CXX_FEATURE:0cxx_decltype_auto
    Feature record: CXX_FEATURE:0cxx_decltype_incomplete_return_types
    Feature record: CXX_FEATURE:0cxx_default_function_template_args
    Feature record: CXX_FEATURE:0cxx_defaulted_functions
    Feature record: CXX_FEATURE:0cxx_defaulted_move_initializers
    Feature record: CXX_FEATURE:0cxx_delegating_constructors
    Feature record: CXX_FEATURE:0cxx_deleted_functions
    Feature record: CXX_FEATURE:0cxx_digit_separators
    Feature record: CXX_FEATURE:0cxx_enum_forward_declarations
    Feature record: CXX_FEATURE:0cxx_explicit_conversions
    Feature record: CXX_FEATURE:0cxx_extended_friend_declarations
    Feature record: CXX_FEATURE:0cxx_extern_templates
    Feature record: CXX_FEATURE:0cxx_final
    Feature record: CXX_FEATURE:0cxx_func_identifier
    Feature record: CXX_FEATURE:0cxx_generalized_initializers
    Feature record: CXX_FEATURE:0cxx_generic_lambdas
    Feature record: CXX_FEATURE:0cxx_inheriting_constructors
    Feature record: CXX_FEATURE:0cxx_inline_namespaces
    Feature record: CXX_FEATURE:0cxx_lambdas
    Feature record: CXX_FEATURE:0cxx_lambda_init_captures
    Feature record: CXX_FEATURE:0cxx_local_type_template_args
    Feature record: CXX_FEATURE:0cxx_long_long_type
    Feature record: CXX_FEATURE:0cxx_noexcept
    Feature record: CXX_FEATURE:0cxx_nonstatic_member_init
    Feature record: CXX_FEATURE:0cxx_nullptr
    Feature record: CXX_FEATURE:0cxx_override
    Feature record: CXX_FEATURE:0cxx_range_for
    Feature record: CXX_FEATURE:0cxx_raw_string_literals
    Feature record: CXX_FEATURE:0cxx_reference_qualified_functions
    Feature record: CXX_FEATURE:0cxx_relaxed_constexpr
    Feature record: CXX_FEATURE:0cxx_return_type_deduction
    Feature record: CXX_FEATURE:0cxx_right_angle_brackets
    Feature record: CXX_FEATURE:0cxx_rvalue_references
    Feature record: CXX_FEATURE:0cxx_sizeof_member
    Feature record: CXX_FEATURE:0cxx_static_assert
    Feature record: CXX_FEATURE:0cxx_strong_enums
    Feature record: CXX_FEATURE:1cxx_template_template_parameters
    Feature record: CXX_FEATURE:0cxx_thread_local
    Feature record: CXX_FEATURE:0cxx_trailing_return_types
    Feature record: CXX_FEATURE:0cxx_unicode_literals
    Feature record: CXX_FEATURE:0cxx_uniform_initialization
    Feature record: CXX_FEATURE:0cxx_unrestricted_unions
    Feature record: CXX_FEATURE:0cxx_user_literals
    Feature record: CXX_FEATURE:0cxx_variable_templates
    Feature record: CXX_FEATURE:0cxx_variadic_macros
    Feature record: CXX_FEATURE:0cxx_variadic_templates
Detecting C OpenMP compiler ABI info compiled with the following output:
Change Dir: /Users/jinxuan/data/develop/android/app/.cxx/cmake/debug/armeabi-v7a/CMakeFiles/CMakeTmp

Run Build Command:"/Users/jinxuan/Library/Android/sdk/cmake/3.10.2.4988404/bin/ninja" "cmTC_0e201"
[1/2] Building C object CMakeFiles/cmTC_0e201.dir/OpenMPTryFlag.c.o
Android (7155654, based on r399163b1) clang version 11.0.5 (https://android.googlesource.com/toolchain/llvm-project 87f1315dfbea7c137aa2e6d362dbb457e388158d)
Target: armv7-none-linux-android24
Thread model: posix
InstalledDir: /Users/jinxuan/Library/Android/sdk/ndk/22.1.7171670/toolchains/llvm/prebuilt/darwin-x86_64/bin
Found candidate GCC installation: /Users/jinxuan/Library/Android/sdk/ndk/22.1.7171670/toolchains/llvm/prebuilt/darwin-x86_64/lib/gcc/arm-linux-androideabi/4.9.x
Selected GCC installation: /Users/jinxuan/Library/Android/sdk/ndk/22.1.7171670/toolchains/llvm/prebuilt/darwin-x86_64/lib/gcc/arm-linux-androideabi/4.9.x
Candidate multilib: thumb;@mthumb
Candidate multilib: armv7-a;@march=armv7-a
Candidate multilib: armv7-a/thumb;@march=armv7-a@mthumb
Candidate multilib: .;
Selected multilib: armv7-a/thumb;@march=armv7-a@mthumb
 (in-process)
 "/Users/jinxuan/Library/Android/sdk/ndk/22.1.7171670/toolchains/llvm/prebuilt/darwin-x86_64/bin/clang" -cc1 -triple thumbv7-none-linux-android24 -emit-obj -mrelax-all -mnoexecstack -disable-free -disable-llvm-verifier -discard-value-names -main-file-name OpenMPTryFlag.c -mrelocation-model pic -pic-level 2 -pic-is-pie -mframe-pointer=all -fno-rounding-math -mconstructor-aliases -munwind-tables -target-cpu generic -target-feature +soft-float-abi -target-feature +vfp2 -target-feature +vfp2sp -target-feature +vfp3 -target-feature +vfp3d16 -target-feature +vfp3d16sp -target-feature +vfp3sp -target-feature -fp16 -target-feature -vfp4 -target-feature -vfp4d16 -target-feature -vfp4d16sp -target-feature -vfp4sp -target-feature -fp-armv8 -target-feature -fp-armv8d16 -target-feature -fp-armv8d16sp -target-feature -fp-armv8sp -target-feature -fullfp16 -target-feature +fp64 -target-feature +d32 -target-feature +neon -target-feature -crypto -target-feature -fp16fml -target-abi aapcs-linux -mfloat-abi soft -fallow-half-arguments-and-returns -fno-split-dwarf-inlining -debug-info-kind=limited -dwarf-version=4 -debugger-tuning=gdb -target-linker-version 305 -v -ffunction-sections -fdata-sections -resource-dir /Users/jinxuan/Library/Android/sdk/ndk/22.1.7171670/toolchains/llvm/prebuilt/darwin-x86_64/lib64/clang/11.0.5 -D ANDROID -D _FORTIFY_SOURCE=2 -isysroot /Users/jinxuan/Library/Android/sdk/ndk/22.1.7171670/toolchains/llvm/prebuilt/darwin-x86_64/sysroot -internal-isystem /Users/jinxuan/Library/Android/sdk/ndk/22.1.7171670/toolchains/llvm/prebuilt/darwin-x86_64/sysroot/usr/local/include -internal-isystem /Users/jinxuan/Library/Android/sdk/ndk/22.1.7171670/toolchains/llvm/prebuilt/darwin-x86_64/lib64/clang/11.0.5/include -internal-externc-isystem /Users/jinxuan/Library/Android/sdk/ndk/22.1.7171670/toolchains/llvm/prebuilt/darwin-x86_64/sysroot/usr/include/arm-linux-androideabi -internal-externc-isystem /Users/jinxuan/Library/Android/sdk/ndk/22.1.7171670/toolchains/llvm/prebuilt/darwin-x86_64/sysroot/include -internal-externc-isystem /Users/jinxuan/Library/Android/sdk/ndk/22.1.7171670/toolchains/llvm/prebuilt/darwin-x86_64/sysroot/usr/include -Wformat -Werror=format-security -fdebug-compilation-dir /Users/jinxuan/data/develop/android/app/.cxx/cmake/debug/armeabi-v7a/CMakeFiles/CMakeTmp -ferror-limit 19 -fopenmp -fopenmp-cuda-parallel-target-regions -stack-protector 2 -fno-signed-char -fgnuc-version=4.2.1 -o CMakeFiles/cmTC_0e201.dir/OpenMPTryFlag.c.o -x c /Users/jinxuan/data/develop/android/app/.cxx/cmake/debug/armeabi-v7a/CMakeFiles/FindOpenMP/OpenMPTryFlag.c
clang -cc1 version 11.0.5 based upon LLVM 11.0.5git default target x86_64-apple-darwin22.2.0
ignoring nonexistent directory "/Users/jinxuan/Library/Android/sdk/ndk/22.1.7171670/toolchains/llvm/prebuilt/darwin-x86_64/sysroot/include"
#include "..." search starts here:
#include <...> search starts here:
 /Users/jinxuan/Library/Android/sdk/ndk/22.1.7171670/toolchains/llvm/prebuilt/darwin-x86_64/sysroot/usr/local/include
 /Users/jinxuan/Library/Android/sdk/ndk/22.1.7171670/toolchains/llvm/prebuilt/darwin-x86_64/lib64/clang/11.0.5/include
 /Users/jinxuan/Library/Android/sdk/ndk/22.1.7171670/toolchains/llvm/prebuilt/darwin-x86_64/sysroot/usr/include/arm-linux-androideabi
 /Users/jinxuan/Library/Android/sdk/ndk/22.1.7171670/toolchains/llvm/prebuilt/darwin-x86_64/sysroot/usr/include
End of search list.
[2/2] Linking C executable cmTC_0e201
Android (7155654, based on r399163b1) clang version 11.0.5 (https://android.googlesource.com/toolchain/llvm-project 87f1315dfbea7c137aa2e6d362dbb457e388158d)
Target: armv7-none-linux-android24
Thread model: posix
InstalledDir: /Users/jinxuan/Library/Android/sdk/ndk/22.1.7171670/toolchains/llvm/prebuilt/darwin-x86_64/bin
Found candidate GCC installation: /Users/jinxuan/Library/Android/sdk/ndk/22.1.7171670/toolchains/llvm/prebuilt/darwin-x86_64/lib/gcc/arm-linux-androideabi/4.9.x
Selected GCC installation: /Users/jinxuan/Library/Android/sdk/ndk/22.1.7171670/toolchains/llvm/prebuilt/darwin-x86_64/lib/gcc/arm-linux-androideabi/4.9.x
Candidate multilib: thumb;@mthumb
Candidate multilib: armv7-a;@march=armv7-a
Candidate multilib: armv7-a/thumb;@march=armv7-a@mthumb
Candidate multilib: .;
Selected multilib: armv7-a/thumb;@march=armv7-a@mthumb
 "/Users/jinxuan/Library/Android/sdk/ndk/22.1.7171670/toolchains/llvm/prebuilt/darwin-x86_64/bin/ld" --sysroot=/Users/jinxuan/Library/Android/sdk/ndk/22.1.7171670/toolchains/llvm/prebuilt/darwin-x86_64/sysroot -pie -z noexecstack -EL --warn-shared-textrel -z now -z relro -z max-page-size=4096 -X --hash-style=gnu --enable-new-dtags --eh-frame-hdr -m armelf_linux_eabi -dynamic-linker /system/bin/linker -o cmTC_0e201 /Users/jinxuan/Library/Android/sdk/ndk/22.1.7171670/toolchains/llvm/prebuilt/darwin-x86_64/sysroot/usr/lib/arm-linux-androideabi/24/crtbegin_dynamic.o -L/Users/jinxuan/Library/Android/sdk/ndk/22.1.7171670/toolchains/llvm/prebuilt/darwin-x86_64/lib64/clang/11.0.5/lib/linux/arm -L/Users/jinxuan/Library/Android/sdk/ndk/22.1.7171670/toolchains/llvm/prebuilt/darwin-x86_64/lib/gcc/arm-linux-androideabi/4.9.x/armv7-a/thumb -L/Users/jinxuan/Library/Android/sdk/ndk/22.1.7171670/toolchains/llvm/prebuilt/darwin-x86_64/lib/gcc/arm-linux-androideabi/4.9.x/../../../../arm-linux-androideabi/lib/../lib/armv7-a/thumb -L/Users/jinxuan/Library/Android/sdk/ndk/22.1.7171670/toolchains/llvm/prebuilt/darwin-x86_64/sysroot/usr/lib/arm-linux-androideabi/24 -L/Users/jinxuan/Library/Android/sdk/ndk/22.1.7171670/toolchains/llvm/prebuilt/darwin-x86_64/sysroot/usr/lib/arm-linux-androideabi -L/Users/jinxuan/Library/Android/sdk/ndk/22.1.7171670/toolchains/llvm/prebuilt/darwin-x86_64/sysroot/usr/lib/../lib -L/Users/jinxuan/Library/Android/sdk/ndk/22.1.7171670/toolchains/llvm/prebuilt/darwin-x86_64/sysroot/usr/lib/arm-linux-androideabi/../../lib -L/Users/jinxuan/Library/Android/sdk/ndk/22.1.7171670/toolchains/llvm/prebuilt/darwin-x86_64/lib/gcc/arm-linux-androideabi/4.9.x/../../../../arm-linux-androideabi/lib/armv7-a/thumb -L/Users/jinxuan/Library/Android/sdk/ndk/22.1.7171670/toolchains/llvm/prebuilt/darwin-x86_64/sysroot/usr/lib --exclude-libs libgcc.a --exclude-libs libgcc_real.a --exclude-libs libatomic.a --build-id=sha1 --no-rosegment --fatal-warnings --exclude-libs libunwind.a --no-undefined --gc-sections CMakeFiles/cmTC_0e201.dir/OpenMPTryFlag.c.o -latomic -lm -lomp -lgcc -ldl -lc -lgcc -ldl /Users/jinxuan/Library/Android/sdk/ndk/22.1.7171670/toolchains/llvm/prebuilt/darwin-x86_64/sysroot/usr/lib/arm-linux-androideabi/24/crtend_android.o


Parsed C OpenMP implicit link information from above output:
  link line regex: [^( *|.*[/\])(CMAKE_LINKER-NOTFOUND|CMAKE_LINK_STARTFILE-NOTFOUND|([^/\]+-)?ld|collect2)[^/\]*( |$)]
  ignore line: [Change Dir: /Users/jinxuan/data/develop/android/app/.cxx/cmake/debug/armeabi-v7a/CMakeFiles/CMakeTmp]
  ignore line: []
  ignore line: [Run Build Command:"/Users/jinxuan/Library/Android/sdk/cmake/3.10.2.4988404/bin/ninja" "cmTC_0e201"]
  ignore line: [[1/2] Building C object CMakeFiles/cmTC_0e201.dir/OpenMPTryFlag.c.o]
  ignore line: [Android (7155654, based on r399163b1) clang version 11.0.5 (https://android.googlesource.com/toolchain/llvm-project 87f1315dfbea7c137aa2e6d362dbb457e388158d)]
  ignore line: [Target: armv7-none-linux-android24]
  ignore line: [Thread model: posix]
  ignore line: [InstalledDir: /Users/jinxuan/Library/Android/sdk/ndk/22.1.7171670/toolchains/llvm/prebuilt/darwin-x86_64/bin]
  ignore line: [Found candidate GCC installation: /Users/jinxuan/Library/Android/sdk/ndk/22.1.7171670/toolchains/llvm/prebuilt/darwin-x86_64/lib/gcc/arm-linux-androideabi/4.9.x]
  ignore line: [Selected GCC installation: /Users/jinxuan/Library/Android/sdk/ndk/22.1.7171670/toolchains/llvm/prebuilt/darwin-x86_64/lib/gcc/arm-linux-androideabi/4.9.x]
  ignore line: [Candidate multilib: thumb]
  ignore line: [@mthumb]
  ignore line: [Candidate multilib: armv7-a]
  ignore line: [@march=armv7-a]
  ignore line: [Candidate multilib: armv7-a/thumb]
  ignore line: [@march=armv7-a@mthumb]
  ignore line: [Candidate multilib: .]
  ignore line: []
  ignore line: [Selected multilib: armv7-a/thumb]
  ignore line: [@march=armv7-a@mthumb]
  ignore line: [ (in-process)]
  ignore line: [ "/Users/jinxuan/Library/Android/sdk/ndk/22.1.7171670/toolchains/llvm/prebuilt/darwin-x86_64/bin/clang" -cc1 -triple thumbv7-none-linux-android24 -emit-obj -mrelax-all -mnoexecstack -disable-free -disable-llvm-verifier -discard-value-names -main-file-name OpenMPTryFlag.c -mrelocation-model pic -pic-level 2 -pic-is-pie -mframe-pointer=all -fno-rounding-math -mconstructor-aliases -munwind-tables -target-cpu generic -target-feature +soft-float-abi -target-feature +vfp2 -target-feature +vfp2sp -target-feature +vfp3 -target-feature +vfp3d16 -target-feature +vfp3d16sp -target-feature +vfp3sp -target-feature -fp16 -target-feature -vfp4 -target-feature -vfp4d16 -target-feature -vfp4d16sp -target-feature -vfp4sp -target-feature -fp-armv8 -target-feature -fp-armv8d16 -target-feature -fp-armv8d16sp -target-feature -fp-armv8sp -target-feature -fullfp16 -target-feature +fp64 -target-feature +d32 -target-feature +neon -target-feature -crypto -target-feature -fp16fml -target-abi aapcs-linux -mfloat-abi soft -fallow-half-arguments-and-returns -fno-split-dwarf-inlining -debug-info-kind=limited -dwarf-version=4 -debugger-tuning=gdb -target-linker-version 305 -v -ffunction-sections -fdata-sections -resource-dir /Users/jinxuan/Library/Android/sdk/ndk/22.1.7171670/toolchains/llvm/prebuilt/darwin-x86_64/lib64/clang/11.0.5 -D ANDROID -D _FORTIFY_SOURCE=2 -isysroot /Users/jinxuan/Library/Android/sdk/ndk/22.1.7171670/toolchains/llvm/prebuilt/darwin-x86_64/sysroot -internal-isystem /Users/jinxuan/Library/Android/sdk/ndk/22.1.7171670/toolchains/llvm/prebuilt/darwin-x86_64/sysroot/usr/local/include -internal-isystem /Users/jinxuan/Library/Android/sdk/ndk/22.1.7171670/toolchains/llvm/prebuilt/darwin-x86_64/lib64/clang/11.0.5/include -internal-externc-isystem /Users/jinxuan/Library/Android/sdk/ndk/22.1.7171670/toolchains/llvm/prebuilt/darwin-x86_64/sysroot/usr/include/arm-linux-androideabi -internal-externc-isystem /Users/jinxuan/Library/Android/sdk/ndk/22.1.7171670/toolchains/llvm/prebuilt/darwin-x86_64/sysroot/include -internal-externc-isystem /Users/jinxuan/Library/Android/sdk/ndk/22.1.7171670/toolchains/llvm/prebuilt/darwin-x86_64/sysroot/usr/include -Wformat -Werror=format-security -fdebug-compilation-dir /Users/jinxuan/data/develop/android/app/.cxx/cmake/debug/armeabi-v7a/CMakeFiles/CMakeTmp -ferror-limit 19 -fopenmp -fopenmp-cuda-parallel-target-regions -stack-protector 2 -fno-signed-char -fgnuc-version=4.2.1 -o CMakeFiles/cmTC_0e201.dir/OpenMPTryFlag.c.o -x c /Users/jinxuan/data/develop/android/app/.cxx/cmake/debug/armeabi-v7a/CMakeFiles/FindOpenMP/OpenMPTryFlag.c]
  ignore line: [clang -cc1 version 11.0.5 based upon LLVM 11.0.5git default target x86_64-apple-darwin22.2.0]
  ignore line: [ignoring nonexistent directory "/Users/jinxuan/Library/Android/sdk/ndk/22.1.7171670/toolchains/llvm/prebuilt/darwin-x86_64/sysroot/include"]
  ignore line: [#include "..." search starts here:]
  ignore line: [#include <...> search starts here:]
  ignore line: [ /Users/jinxuan/Library/Android/sdk/ndk/22.1.7171670/toolchains/llvm/prebuilt/darwin-x86_64/sysroot/usr/local/include]
  ignore line: [ /Users/jinxuan/Library/Android/sdk/ndk/22.1.7171670/toolchains/llvm/prebuilt/darwin-x86_64/lib64/clang/11.0.5/include]
  ignore line: [ /Users/jinxuan/Library/Android/sdk/ndk/22.1.7171670/toolchains/llvm/prebuilt/darwin-x86_64/sysroot/usr/include/arm-linux-androideabi]
  ignore line: [ /Users/jinxuan/Library/Android/sdk/ndk/22.1.7171670/toolchains/llvm/prebuilt/darwin-x86_64/sysroot/usr/include]
  ignore line: [End of search list.]
  ignore line: [[2/2] Linking C executable cmTC_0e201]
  ignore line: [Android (7155654, based on r399163b1) clang version 11.0.5 (https://android.googlesource.com/toolchain/llvm-project 87f1315dfbea7c137aa2e6d362dbb457e388158d)]
  ignore line: [Target: armv7-none-linux-android24]
  ignore line: [Thread model: posix]
  ignore line: [InstalledDir: /Users/jinxuan/Library/Android/sdk/ndk/22.1.7171670/toolchains/llvm/prebuilt/darwin-x86_64/bin]
  ignore line: [Found candidate GCC installation: /Users/jinxuan/Library/Android/sdk/ndk/22.1.7171670/toolchains/llvm/prebuilt/darwin-x86_64/lib/gcc/arm-linux-androideabi/4.9.x]
  ignore line: [Selected GCC installation: /Users/jinxuan/Library/Android/sdk/ndk/22.1.7171670/toolchains/llvm/prebuilt/darwin-x86_64/lib/gcc/arm-linux-androideabi/4.9.x]
  ignore line: [Candidate multilib: thumb]
  ignore line: [@mthumb]
  ignore line: [Candidate multilib: armv7-a]
  ignore line: [@march=armv7-a]
  ignore line: [Candidate multilib: armv7-a/thumb]
  ignore line: [@march=armv7-a@mthumb]
  ignore line: [Candidate multilib: .]
  ignore line: []
  ignore line: [Selected multilib: armv7-a/thumb]
  ignore line: [@march=armv7-a@mthumb]
  link line: [ "/Users/jinxuan/Library/Android/sdk/ndk/22.1.7171670/toolchains/llvm/prebuilt/darwin-x86_64/bin/ld" --sysroot=/Users/jinxuan/Library/Android/sdk/ndk/22.1.7171670/toolchains/llvm/prebuilt/darwin-x86_64/sysroot -pie -z noexecstack -EL --warn-shared-textrel -z now -z relro -z max-page-size=4096 -X --hash-style=gnu --enable-new-dtags --eh-frame-hdr -m armelf_linux_eabi -dynamic-linker /system/bin/linker -o cmTC_0e201 /Users/jinxuan/Library/Android/sdk/ndk/22.1.7171670/toolchains/llvm/prebuilt/darwin-x86_64/sysroot/usr/lib/arm-linux-androideabi/24/crtbegin_dynamic.o -L/Users/jinxuan/Library/Android/sdk/ndk/22.1.7171670/toolchains/llvm/prebuilt/darwin-x86_64/lib64/clang/11.0.5/lib/linux/arm -L/Users/jinxuan/Library/Android/sdk/ndk/22.1.7171670/toolchains/llvm/prebuilt/darwin-x86_64/lib/gcc/arm-linux-androideabi/4.9.x/armv7-a/thumb -L/Users/jinxuan/Library/Android/sdk/ndk/22.1.7171670/toolchains/llvm/prebuilt/darwin-x86_64/lib/gcc/arm-linux-androideabi/4.9.x/../../../../arm-linux-androideabi/lib/../lib/armv7-a/thumb -L/Users/jinxuan/Library/Android/sdk/ndk/22.1.7171670/toolchains/llvm/prebuilt/darwin-x86_64/sysroot/usr/lib/arm-linux-androideabi/24 -L/Users/jinxuan/Library/Android/sdk/ndk/22.1.7171670/toolchains/llvm/prebuilt/darwin-x86_64/sysroot/usr/lib/arm-linux-androideabi -L/Users/jinxuan/Library/Android/sdk/ndk/22.1.7171670/toolchains/llvm/prebuilt/darwin-x86_64/sysroot/usr/lib/../lib -L/Users/jinxuan/Library/Android/sdk/ndk/22.1.7171670/toolchains/llvm/prebuilt/darwin-x86_64/sysroot/usr/lib/arm-linux-androideabi/../../lib -L/Users/jinxuan/Library/Android/sdk/ndk/22.1.7171670/toolchains/llvm/prebuilt/darwin-x86_64/lib/gcc/arm-linux-androideabi/4.9.x/../../../../arm-linux-androideabi/lib/armv7-a/thumb -L/Users/jinxuan/Library/Android/sdk/ndk/22.1.7171670/toolchains/llvm/prebuilt/darwin-x86_64/sysroot/usr/lib --exclude-libs libgcc.a --exclude-libs libgcc_real.a --exclude-libs libatomic.a --build-id=sha1 --no-rosegment --fatal-warnings --exclude-libs libunwind.a --no-undefined --gc-sections CMakeFiles/cmTC_0e201.dir/OpenMPTryFlag.c.o -latomic -lm -lomp -lgcc -ldl -lc -lgcc -ldl /Users/jinxuan/Library/Android/sdk/ndk/22.1.7171670/toolchains/llvm/prebuilt/darwin-x86_64/sysroot/usr/lib/arm-linux-androideabi/24/crtend_android.o]
    arg [/Users/jinxuan/Library/Android/sdk/ndk/22.1.7171670/toolchains/llvm/prebuilt/darwin-x86_64/bin/ld] ==> ignore
    arg [--sysroot=/Users/jinxuan/Library/Android/sdk/ndk/22.1.7171670/toolchains/llvm/prebuilt/darwin-x86_64/sysroot] ==> ignore
    arg [-pie] ==> ignore
    arg [-znoexecstack] ==> ignore
    arg [-EL] ==> ignore
    arg [--warn-shared-textrel] ==> ignore
    arg [-znow] ==> ignore
    arg [-zrelro] ==> ignore
    arg [-zmax-page-size=4096] ==> ignore
    arg [-X] ==> ignore
    arg [--hash-style=gnu] ==> ignore
    arg [--enable-new-dtags] ==> ignore
    arg [--eh-frame-hdr] ==> ignore
    arg [-m] ==> ignore
    arg [armelf_linux_eabi] ==> ignore
    arg [-dynamic-linker] ==> ignore
    arg [/system/bin/linker] ==> ignore
    arg [-o] ==> ignore
    arg [cmTC_0e201] ==> ignore
    arg [/Users/jinxuan/Library/Android/sdk/ndk/22.1.7171670/toolchains/llvm/prebuilt/darwin-x86_64/sysroot/usr/lib/arm-linux-androideabi/24/crtbegin_dynamic.o] ==> ignore
    arg [-L/Users/jinxuan/Library/Android/sdk/ndk/22.1.7171670/toolchains/llvm/prebuilt/darwin-x86_64/lib64/clang/11.0.5/lib/linux/arm] ==> dir [/Users/jinxuan/Library/Android/sdk/ndk/22.1.7171670/toolchains/llvm/prebuilt/darwin-x86_64/lib64/clang/11.0.5/lib/linux/arm]
    arg [-L/Users/jinxuan/Library/Android/sdk/ndk/22.1.7171670/toolchains/llvm/prebuilt/darwin-x86_64/lib/gcc/arm-linux-androideabi/4.9.x/armv7-a/thumb] ==> dir [/Users/jinxuan/Library/Android/sdk/ndk/22.1.7171670/toolchains/llvm/prebuilt/darwin-x86_64/lib/gcc/arm-linux-androideabi/4.9.x/armv7-a/thumb]
    arg [-L/Users/jinxuan/Library/Android/sdk/ndk/22.1.7171670/toolchains/llvm/prebuilt/darwin-x86_64/lib/gcc/arm-linux-androideabi/4.9.x/../../../../arm-linux-androideabi/lib/../lib/armv7-a/thumb] ==> dir [/Users/jinxuan/Library/Android/sdk/ndk/22.1.7171670/toolchains/llvm/prebuilt/darwin-x86_64/lib/gcc/arm-linux-androideabi/4.9.x/../../../../arm-linux-androideabi/lib/../lib/armv7-a/thumb]
    arg [-L/Users/jinxuan/Library/Android/sdk/ndk/22.1.7171670/toolchains/llvm/prebuilt/darwin-x86_64/sysroot/usr/lib/arm-linux-androideabi/24] ==> dir [/Users/jinxuan/Library/Android/sdk/ndk/22.1.7171670/toolchains/llvm/prebuilt/darwin-x86_64/sysroot/usr/lib/arm-linux-androideabi/24]
    arg [-L/Users/jinxuan/Library/Android/sdk/ndk/22.1.7171670/toolchains/llvm/prebuilt/darwin-x86_64/sysroot/usr/lib/arm-linux-androideabi] ==> dir [/Users/jinxuan/Library/Android/sdk/ndk/22.1.7171670/toolchains/llvm/prebuilt/darwin-x86_64/sysroot/usr/lib/arm-linux-androideabi]
    arg [-L/Users/jinxuan/Library/Android/sdk/ndk/22.1.7171670/toolchains/llvm/prebuilt/darwin-x86_64/sysroot/usr/lib/../lib] ==> dir [/Users/jinxuan/Library/Android/sdk/ndk/22.1.7171670/toolchains/llvm/prebuilt/darwin-x86_64/sysroot/usr/lib/../lib]
    arg [-L/Users/jinxuan/Library/Android/sdk/ndk/22.1.7171670/toolchains/llvm/prebuilt/darwin-x86_64/sysroot/usr/lib/arm-linux-androideabi/../../lib] ==> dir [/Users/jinxuan/Library/Android/sdk/ndk/22.1.7171670/toolchains/llvm/prebuilt/darwin-x86_64/sysroot/usr/lib/arm-linux-androideabi/../../lib]
    arg [-L/Users/jinxuan/Library/Android/sdk/ndk/22.1.7171670/toolchains/llvm/prebuilt/darwin-x86_64/lib/gcc/arm-linux-androideabi/4.9.x/../../../../arm-linux-androideabi/lib/armv7-a/thumb] ==> dir [/Users/jinxuan/Library/Android/sdk/ndk/22.1.7171670/toolchains/llvm/prebuilt/darwin-x86_64/lib/gcc/arm-linux-androideabi/4.9.x/../../../../arm-linux-androideabi/lib/armv7-a/thumb]
    arg [-L/Users/jinxuan/Library/Android/sdk/ndk/22.1.7171670/toolchains/llvm/prebuilt/darwin-x86_64/sysroot/usr/lib] ==> dir [/Users/jinxuan/Library/Android/sdk/ndk/22.1.7171670/toolchains/llvm/prebuilt/darwin-x86_64/sysroot/usr/lib]
    arg [--exclude-libs] ==> ignore
    arg [libgcc.a] ==> ignore
    arg [--exclude-libs] ==> ignore
    arg [libgcc_real.a] ==> ignore
    arg [--exclude-libs] ==> ignore
    arg [libatomic.a] ==> ignore
    arg [--build-id=sha1] ==> ignore
    arg [--no-rosegment] ==> ignore
    arg [--fatal-warnings] ==> ignore
    arg [--exclude-libs] ==> ignore
    arg [libunwind.a] ==> ignore
    arg [--no-undefined] ==> ignore
    arg [--gc-sections] ==> ignore
    arg [CMakeFiles/cmTC_0e201.dir/OpenMPTryFlag.c.o] ==> ignore
    arg [-latomic] ==> lib [atomic]
    arg [-lm] ==> lib [m]
    arg [-lomp] ==> lib [omp]
    arg [-lgcc] ==> lib [gcc]
    arg [-ldl] ==> lib [dl]
    arg [-lc] ==> lib [c]
    arg [-lgcc] ==> lib [gcc]
    arg [-ldl] ==> lib [dl]
    arg [/Users/jinxuan/Library/Android/sdk/ndk/22.1.7171670/toolchains/llvm/prebuilt/darwin-x86_64/sysroot/usr/lib/arm-linux-androideabi/24/crtend_android.o] ==> ignore
  collapse library dir [/Users/jinxuan/Library/Android/sdk/ndk/22.1.7171670/toolchains/llvm/prebuilt/darwin-x86_64/lib64/clang/11.0.5/lib/linux/arm] ==> [/Users/jinxuan/Library/Android/sdk/ndk/22.1.7171670/toolchains/llvm/prebuilt/darwin-x86_64/lib64/clang/11.0.5/lib/linux/arm]
  collapse library dir [/Users/jinxuan/Library/Android/sdk/ndk/22.1.7171670/toolchains/llvm/prebuilt/darwin-x86_64/lib/gcc/arm-linux-androideabi/4.9.x/armv7-a/thumb] ==> [/Users/jinxuan/Library/Android/sdk/ndk/22.1.7171670/toolchains/llvm/prebuilt/darwin-x86_64/lib/gcc/arm-linux-androideabi/4.9.x/armv7-a/thumb]
  collapse library dir [/Users/jinxuan/Library/Android/sdk/ndk/22.1.7171670/toolchains/llvm/prebuilt/darwin-x86_64/lib/gcc/arm-linux-androideabi/4.9.x/../../../../arm-linux-androideabi/lib/../lib/armv7-a/thumb] ==> [/Users/jinxuan/Library/Android/sdk/ndk/22.1.7171670/toolchains/llvm/prebuilt/darwin-x86_64/arm-linux-androideabi/lib/armv7-a/thumb]
  collapse library dir [/Users/jinxuan/Library/Android/sdk/ndk/22.1.7171670/toolchains/llvm/prebuilt/darwin-x86_64/sysroot/usr/lib/arm-linux-androideabi/24] ==> [/Users/jinxuan/Library/Android/sdk/ndk/22.1.7171670/toolchains/llvm/prebuilt/darwin-x86_64/sysroot/usr/lib/arm-linux-androideabi/24]
  collapse library dir [/Users/jinxuan/Library/Android/sdk/ndk/22.1.7171670/toolchains/llvm/prebuilt/darwin-x86_64/sysroot/usr/lib/arm-linux-androideabi] ==> [/Users/jinxuan/Library/Android/sdk/ndk/22.1.7171670/toolchains/llvm/prebuilt/darwin-x86_64/sysroot/usr/lib/arm-linux-androideabi]
  collapse library dir [/Users/jinxuan/Library/Android/sdk/ndk/22.1.7171670/toolchains/llvm/prebuilt/darwin-x86_64/sysroot/usr/lib/../lib] ==> [/Users/jinxuan/Library/Android/sdk/ndk/22.1.7171670/toolchains/llvm/prebuilt/darwin-x86_64/sysroot/usr/lib]
  collapse library dir [/Users/jinxuan/Library/Android/sdk/ndk/22.1.7171670/toolchains/llvm/prebuilt/darwin-x86_64/sysroot/usr/lib/arm-linux-androideabi/../../lib] ==> [/Users/jinxuan/Library/Android/sdk/ndk/22.1.7171670/toolchains/llvm/prebuilt/darwin-x86_64/sysroot/usr/lib]
  collapse library dir [/Users/jinxuan/Library/Android/sdk/ndk/22.1.7171670/toolchains/llvm/prebuilt/darwin-x86_64/lib/gcc/arm-linux-androideabi/4.9.x/../../../../arm-linux-androideabi/lib/armv7-a/thumb] ==> [/Users/jinxuan/Library/Android/sdk/ndk/22.1.7171670/toolchains/llvm/prebuilt/darwin-x86_64/arm-linux-androideabi/lib/armv7-a/thumb]
  collapse library dir [/Users/jinxuan/Library/Android/sdk/ndk/22.1.7171670/toolchains/llvm/prebuilt/darwin-x86_64/sysroot/usr/lib] ==> [/Users/jinxuan/Library/Android/sdk/ndk/22.1.7171670/toolchains/llvm/prebuilt/darwin-x86_64/sysroot/usr/lib]
  implicit libs: [atomic;m;omp;gcc;dl;c;gcc;dl]
  implicit dirs: [/Users/jinxuan/Library/Android/sdk/ndk/22.1.7171670/toolchains/llvm/prebuilt/darwin-x86_64/lib64/clang/11.0.5/lib/linux/arm;/Users/jinxuan/Library/Android/sdk/ndk/22.1.7171670/toolchains/llvm/prebuilt/darwin-x86_64/lib/gcc/arm-linux-androideabi/4.9.x/armv7-a/thumb;/Users/jinxuan/Library/Android/sdk/ndk/22.1.7171670/toolchains/llvm/prebuilt/darwin-x86_64/arm-linux-androideabi/lib/armv7-a/thumb;/Users/jinxuan/Library/Android/sdk/ndk/22.1.7171670/toolchains/llvm/prebuilt/darwin-x86_64/sysroot/usr/lib/arm-linux-androideabi/24;/Users/jinxuan/Library/Android/sdk/ndk/22.1.7171670/toolchains/llvm/prebuilt/darwin-x86_64/sysroot/usr/lib/arm-linux-androideabi;/Users/jinxuan/Library/Android/sdk/ndk/22.1.7171670/toolchains/llvm/prebuilt/darwin-x86_64/sysroot/usr/lib]
  implicit fwks: []


Detecting CXX OpenMP compiler ABI info compiled with the following output:
Change Dir: /Users/jinxuan/data/develop/android/app/.cxx/cmake/debug/armeabi-v7a/CMakeFiles/CMakeTmp

Run Build Command:"/Users/jinxuan/Library/Android/sdk/cmake/3.10.2.4988404/bin/ninja" "cmTC_8a707"
[1/2] Building CXX object CMakeFiles/cmTC_8a707.dir/OpenMPTryFlag.cpp.o
Android (7155654, based on r399163b1) clang version 11.0.5 (https://android.googlesource.com/toolchain/llvm-project 87f1315dfbea7c137aa2e6d362dbb457e388158d)
Target: armv7-none-linux-android24
Thread model: posix
InstalledDir: /Users/jinxuan/Library/Android/sdk/ndk/22.1.7171670/toolchains/llvm/prebuilt/darwin-x86_64/bin
Found candidate GCC installation: /Users/jinxuan/Library/Android/sdk/ndk/22.1.7171670/toolchains/llvm/prebuilt/darwin-x86_64/lib/gcc/arm-linux-androideabi/4.9.x
Selected GCC installation: /Users/jinxuan/Library/Android/sdk/ndk/22.1.7171670/toolchains/llvm/prebuilt/darwin-x86_64/lib/gcc/arm-linux-androideabi/4.9.x
Candidate multilib: thumb;@mthumb
Candidate multilib: armv7-a;@march=armv7-a
Candidate multilib: armv7-a/thumb;@march=armv7-a@mthumb
Candidate multilib: .;
Selected multilib: armv7-a/thumb;@march=armv7-a@mthumb
 (in-process)
 "/Users/jinxuan/Library/Android/sdk/ndk/22.1.7171670/toolchains/llvm/prebuilt/darwin-x86_64/bin/clang++" -cc1 -triple thumbv7-none-linux-android24 -emit-obj -mrelax-all -mnoexecstack -disable-free -disable-llvm-verifier -discard-value-names -main-file-name OpenMPTryFlag.cpp -mrelocation-model pic -pic-level 2 -pic-is-pie -mframe-pointer=all -fno-rounding-math -mconstructor-aliases -munwind-tables -target-cpu generic -target-feature +soft-float-abi -target-feature +vfp2 -target-feature +vfp2sp -target-feature +vfp3 -target-feature +vfp3d16 -target-feature +vfp3d16sp -target-feature +vfp3sp -target-feature -fp16 -target-feature -vfp4 -target-feature -vfp4d16 -target-feature -vfp4d16sp -target-feature -vfp4sp -target-feature -fp-armv8 -target-feature -fp-armv8d16 -target-feature -fp-armv8d16sp -target-feature -fp-armv8sp -target-feature -fullfp16 -target-feature +fp64 -target-feature +d32 -target-feature +neon -target-feature -crypto -target-feature -fp16fml -target-abi aapcs-linux -mfloat-abi soft -fallow-half-arguments-and-returns -fno-split-dwarf-inlining -debug-info-kind=limited -dwarf-version=4 -debugger-tuning=gdb -target-linker-version 305 -v -ffunction-sections -fdata-sections -resource-dir /Users/jinxuan/Library/Android/sdk/ndk/22.1.7171670/toolchains/llvm/prebuilt/darwin-x86_64/lib64/clang/11.0.5 -D ANDROID -D _FORTIFY_SOURCE=2 -isysroot /Users/jinxuan/Library/Android/sdk/ndk/22.1.7171670/toolchains/llvm/prebuilt/darwin-x86_64/sysroot -internal-isystem /Users/jinxuan/Library/Android/sdk/ndk/22.1.7171670/toolchains/llvm/prebuilt/darwin-x86_64/sysroot/usr/include/c++/v1 -internal-isystem /Users/jinxuan/Library/Android/sdk/ndk/22.1.7171670/toolchains/llvm/prebuilt/darwin-x86_64/sysroot/usr/local/include -internal-isystem /Users/jinxuan/Library/Android/sdk/ndk/22.1.7171670/toolchains/llvm/prebuilt/darwin-x86_64/lib64/clang/11.0.5/include -internal-externc-isystem /Users/jinxuan/Library/Android/sdk/ndk/22.1.7171670/toolchains/llvm/prebuilt/darwin-x86_64/sysroot/usr/include/arm-linux-androideabi -internal-externc-isystem /Users/jinxuan/Library/Android/sdk/ndk/22.1.7171670/toolchains/llvm/prebuilt/darwin-x86_64/sysroot/include -internal-externc-isystem /Users/jinxuan/Library/Android/sdk/ndk/22.1.7171670/toolchains/llvm/prebuilt/darwin-x86_64/sysroot/usr/include -Wformat -Werror=format-security -fdeprecated-macro -fdebug-compilation-dir /Users/jinxuan/data/develop/android/app/.cxx/cmake/debug/armeabi-v7a/CMakeFiles/CMakeTmp -ferror-limit 19 -fopenmp -fopenmp-cuda-parallel-target-regions -stack-protector 2 -fno-signed-char -fgnuc-version=4.2.1 -fcxx-exceptions -fexceptions -o CMakeFiles/cmTC_8a707.dir/OpenMPTryFlag.cpp.o -x c++ /Users/jinxuan/data/develop/android/app/.cxx/cmake/debug/armeabi-v7a/CMakeFiles/FindOpenMP/OpenMPTryFlag.cpp
clang -cc1 version 11.0.5 based upon LLVM 11.0.5git default target x86_64-apple-darwin22.2.0
ignoring nonexistent directory "/Users/jinxuan/Library/Android/sdk/ndk/22.1.7171670/toolchains/llvm/prebuilt/darwin-x86_64/sysroot/include"
#include "..." search starts here:
#include <...> search starts here:
 /Users/jinxuan/Library/Android/sdk/ndk/22.1.7171670/toolchains/llvm/prebuilt/darwin-x86_64/sysroot/usr/include/c++/v1
 /Users/jinxuan/Library/Android/sdk/ndk/22.1.7171670/toolchains/llvm/prebuilt/darwin-x86_64/sysroot/usr/local/include
 /Users/jinxuan/Library/Android/sdk/ndk/22.1.7171670/toolchains/llvm/prebuilt/darwin-x86_64/lib64/clang/11.0.5/include
 /Users/jinxuan/Library/Android/sdk/ndk/22.1.7171670/toolchains/llvm/prebuilt/darwin-x86_64/sysroot/usr/include/arm-linux-androideabi
 /Users/jinxuan/Library/Android/sdk/ndk/22.1.7171670/toolchains/llvm/prebuilt/darwin-x86_64/sysroot/usr/include
End of search list.
[2/2] Linking CXX executable cmTC_8a707
Android (7155654, based on r399163b1) clang version 11.0.5 (https://android.googlesource.com/toolchain/llvm-project 87f1315dfbea7c137aa2e6d362dbb457e388158d)
Target: armv7-none-linux-android24
Thread model: posix
InstalledDir: /Users/jinxuan/Library/Android/sdk/ndk/22.1.7171670/toolchains/llvm/prebuilt/darwin-x86_64/bin
Found candidate GCC installation: /Users/jinxuan/Library/Android/sdk/ndk/22.1.7171670/toolchains/llvm/prebuilt/darwin-x86_64/lib/gcc/arm-linux-androideabi/4.9.x
Selected GCC installation: /Users/jinxuan/Library/Android/sdk/ndk/22.1.7171670/toolchains/llvm/prebuilt/darwin-x86_64/lib/gcc/arm-linux-androideabi/4.9.x
Candidate multilib: thumb;@mthumb
Candidate multilib: armv7-a;@march=armv7-a
Candidate multilib: armv7-a/thumb;@march=armv7-a@mthumb
Candidate multilib: .;
Selected multilib: armv7-a/thumb;@march=armv7-a@mthumb
 "/Users/jinxuan/Library/Android/sdk/ndk/22.1.7171670/toolchains/llvm/prebuilt/darwin-x86_64/bin/ld" --sysroot=/Users/jinxuan/Library/Android/sdk/ndk/22.1.7171670/toolchains/llvm/prebuilt/darwin-x86_64/sysroot -pie -z noexecstack -EL --warn-shared-textrel -z now -z relro -z max-page-size=4096 -X --hash-style=gnu --enable-new-dtags --eh-frame-hdr -m armelf_linux_eabi -dynamic-linker /system/bin/linker -o cmTC_8a707 /Users/jinxuan/Library/Android/sdk/ndk/22.1.7171670/toolchains/llvm/prebuilt/darwin-x86_64/sysroot/usr/lib/arm-linux-androideabi/24/crtbegin_dynamic.o -L/Users/jinxuan/Library/Android/sdk/ndk/22.1.7171670/toolchains/llvm/prebuilt/darwin-x86_64/lib64/clang/11.0.5/lib/linux/arm -L/Users/jinxuan/Library/Android/sdk/ndk/22.1.7171670/toolchains/llvm/prebuilt/darwin-x86_64/lib/gcc/arm-linux-androideabi/4.9.x/armv7-a/thumb -L/Users/jinxuan/Library/Android/sdk/ndk/22.1.7171670/toolchains/llvm/prebuilt/darwin-x86_64/lib/gcc/arm-linux-androideabi/4.9.x/../../../../arm-linux-androideabi/lib/../lib/armv7-a/thumb -L/Users/jinxuan/Library/Android/sdk/ndk/22.1.7171670/toolchains/llvm/prebuilt/darwin-x86_64/sysroot/usr/lib/arm-linux-androideabi/24 -L/Users/jinxuan/Library/Android/sdk/ndk/22.1.7171670/toolchains/llvm/prebuilt/darwin-x86_64/sysroot/usr/lib/arm-linux-androideabi -L/Users/jinxuan/Library/Android/sdk/ndk/22.1.7171670/toolchains/llvm/prebuilt/darwin-x86_64/sysroot/usr/lib/../lib -L/Users/jinxuan/Library/Android/sdk/ndk/22.1.7171670/toolchains/llvm/prebuilt/darwin-x86_64/sysroot/usr/lib/arm-linux-androideabi/../../lib -L/Users/jinxuan/Library/Android/sdk/ndk/22.1.7171670/toolchains/llvm/prebuilt/darwin-x86_64/lib/gcc/arm-linux-androideabi/4.9.x/../../../../arm-linux-androideabi/lib/armv7-a/thumb -L/Users/jinxuan/Library/Android/sdk/ndk/22.1.7171670/toolchains/llvm/prebuilt/darwin-x86_64/sysroot/usr/lib --exclude-libs libgcc.a --exclude-libs libgcc_real.a --exclude-libs libatomic.a --build-id=sha1 --no-rosegment --fatal-warnings --exclude-libs libunwind.a --no-undefined --gc-sections CMakeFiles/cmTC_8a707.dir/OpenMPTryFlag.cpp.o -latomic -lm -Bstatic -lc++ -Bdynamic -lm -lomp -lgcc -ldl -lc -lgcc -ldl /Users/jinxuan/Library/Android/sdk/ndk/22.1.7171670/toolchains/llvm/prebuilt/darwin-x86_64/sysroot/usr/lib/arm-linux-androideabi/24/crtend_android.o


Parsed CXX OpenMP implicit link information from above output:
  link line regex: [^( *|.*[/\])(CMAKE_LINKER-NOTFOUND|CMAKE_LINK_STARTFILE-NOTFOUND|([^/\]+-)?ld|collect2)[^/\]*( |$)]
  ignore line: [Change Dir: /Users/jinxuan/data/develop/android/app/.cxx/cmake/debug/armeabi-v7a/CMakeFiles/CMakeTmp]
  ignore line: []
  ignore line: [Run Build Command:"/Users/jinxuan/Library/Android/sdk/cmake/3.10.2.4988404/bin/ninja" "cmTC_8a707"]
  ignore line: [[1/2] Building CXX object CMakeFiles/cmTC_8a707.dir/OpenMPTryFlag.cpp.o]
  ignore line: [Android (7155654, based on r399163b1) clang version 11.0.5 (https://android.googlesource.com/toolchain/llvm-project 87f1315dfbea7c137aa2e6d362dbb457e388158d)]
  ignore line: [Target: armv7-none-linux-android24]
  ignore line: [Thread model: posix]
  ignore line: [InstalledDir: /Users/jinxuan/Library/Android/sdk/ndk/22.1.7171670/toolchains/llvm/prebuilt/darwin-x86_64/bin]
  ignore line: [Found candidate GCC installation: /Users/jinxuan/Library/Android/sdk/ndk/22.1.7171670/toolchains/llvm/prebuilt/darwin-x86_64/lib/gcc/arm-linux-androideabi/4.9.x]
  ignore line: [Selected GCC installation: /Users/jinxuan/Library/Android/sdk/ndk/22.1.7171670/toolchains/llvm/prebuilt/darwin-x86_64/lib/gcc/arm-linux-androideabi/4.9.x]
  ignore line: [Candidate multilib: thumb]
  ignore line: [@mthumb]
  ignore line: [Candidate multilib: armv7-a]
  ignore line: [@march=armv7-a]
  ignore line: [Candidate multilib: armv7-a/thumb]
  ignore line: [@march=armv7-a@mthumb]
  ignore line: [Candidate multilib: .]
  ignore line: []
  ignore line: [Selected multilib: armv7-a/thumb]
  ignore line: [@march=armv7-a@mthumb]
  ignore line: [ (in-process)]
  ignore line: [ "/Users/jinxuan/Library/Android/sdk/ndk/22.1.7171670/toolchains/llvm/prebuilt/darwin-x86_64/bin/clang++" -cc1 -triple thumbv7-none-linux-android24 -emit-obj -mrelax-all -mnoexecstack -disable-free -disable-llvm-verifier -discard-value-names -main-file-name OpenMPTryFlag.cpp -mrelocation-model pic -pic-level 2 -pic-is-pie -mframe-pointer=all -fno-rounding-math -mconstructor-aliases -munwind-tables -target-cpu generic -target-feature +soft-float-abi -target-feature +vfp2 -target-feature +vfp2sp -target-feature +vfp3 -target-feature +vfp3d16 -target-feature +vfp3d16sp -target-feature +vfp3sp -target-feature -fp16 -target-feature -vfp4 -target-feature -vfp4d16 -target-feature -vfp4d16sp -target-feature -vfp4sp -target-feature -fp-armv8 -target-feature -fp-armv8d16 -target-feature -fp-armv8d16sp -target-feature -fp-armv8sp -target-feature -fullfp16 -target-feature +fp64 -target-feature +d32 -target-feature +neon -target-feature -crypto -target-feature -fp16fml -target-abi aapcs-linux -mfloat-abi soft -fallow-half-arguments-and-returns -fno-split-dwarf-inlining -debug-info-kind=limited -dwarf-version=4 -debugger-tuning=gdb -target-linker-version 305 -v -ffunction-sections -fdata-sections -resource-dir /Users/jinxuan/Library/Android/sdk/ndk/22.1.7171670/toolchains/llvm/prebuilt/darwin-x86_64/lib64/clang/11.0.5 -D ANDROID -D _FORTIFY_SOURCE=2 -isysroot /Users/jinxuan/Library/Android/sdk/ndk/22.1.7171670/toolchains/llvm/prebuilt/darwin-x86_64/sysroot -internal-isystem /Users/jinxuan/Library/Android/sdk/ndk/22.1.7171670/toolchains/llvm/prebuilt/darwin-x86_64/sysroot/usr/include/c++/v1 -internal-isystem /Users/jinxuan/Library/Android/sdk/ndk/22.1.7171670/toolchains/llvm/prebuilt/darwin-x86_64/sysroot/usr/local/include -internal-isystem /Users/jinxuan/Library/Android/sdk/ndk/22.1.7171670/toolchains/llvm/prebuilt/darwin-x86_64/lib64/clang/11.0.5/include -internal-externc-isystem /Users/jinxuan/Library/Android/sdk/ndk/22.1.7171670/toolchains/llvm/prebuilt/darwin-x86_64/sysroot/usr/include/arm-linux-androideabi -internal-externc-isystem /Users/jinxuan/Library/Android/sdk/ndk/22.1.7171670/toolchains/llvm/prebuilt/darwin-x86_64/sysroot/include -internal-externc-isystem /Users/jinxuan/Library/Android/sdk/ndk/22.1.7171670/toolchains/llvm/prebuilt/darwin-x86_64/sysroot/usr/include -Wformat -Werror=format-security -fdeprecated-macro -fdebug-compilation-dir /Users/jinxuan/data/develop/android/app/.cxx/cmake/debug/armeabi-v7a/CMakeFiles/CMakeTmp -ferror-limit 19 -fopenmp -fopenmp-cuda-parallel-target-regions -stack-protector 2 -fno-signed-char -fgnuc-version=4.2.1 -fcxx-exceptions -fexceptions -o CMakeFiles/cmTC_8a707.dir/OpenMPTryFlag.cpp.o -x c++ /Users/jinxuan/data/develop/android/app/.cxx/cmake/debug/armeabi-v7a/CMakeFiles/FindOpenMP/OpenMPTryFlag.cpp]
  ignore line: [clang -cc1 version 11.0.5 based upon LLVM 11.0.5git default target x86_64-apple-darwin22.2.0]
  ignore line: [ignoring nonexistent directory "/Users/jinxuan/Library/Android/sdk/ndk/22.1.7171670/toolchains/llvm/prebuilt/darwin-x86_64/sysroot/include"]
  ignore line: [#include "..." search starts here:]
  ignore line: [#include <...> search starts here:]
  ignore line: [ /Users/jinxuan/Library/Android/sdk/ndk/22.1.7171670/toolchains/llvm/prebuilt/darwin-x86_64/sysroot/usr/include/c++/v1]
  ignore line: [ /Users/jinxuan/Library/Android/sdk/ndk/22.1.7171670/toolchains/llvm/prebuilt/darwin-x86_64/sysroot/usr/local/include]
  ignore line: [ /Users/jinxuan/Library/Android/sdk/ndk/22.1.7171670/toolchains/llvm/prebuilt/darwin-x86_64/lib64/clang/11.0.5/include]
  ignore line: [ /Users/jinxuan/Library/Android/sdk/ndk/22.1.7171670/toolchains/llvm/prebuilt/darwin-x86_64/sysroot/usr/include/arm-linux-androideabi]
  ignore line: [ /Users/jinxuan/Library/Android/sdk/ndk/22.1.7171670/toolchains/llvm/prebuilt/darwin-x86_64/sysroot/usr/include]
  ignore line: [End of search list.]
  ignore line: [[2/2] Linking CXX executable cmTC_8a707]
  ignore line: [Android (7155654, based on r399163b1) clang version 11.0.5 (https://android.googlesource.com/toolchain/llvm-project 87f1315dfbea7c137aa2e6d362dbb457e388158d)]
  ignore line: [Target: armv7-none-linux-android24]
  ignore line: [Thread model: posix]
  ignore line: [InstalledDir: /Users/jinxuan/Library/Android/sdk/ndk/22.1.7171670/toolchains/llvm/prebuilt/darwin-x86_64/bin]
  ignore line: [Found candidate GCC installation: /Users/jinxuan/Library/Android/sdk/ndk/22.1.7171670/toolchains/llvm/prebuilt/darwin-x86_64/lib/gcc/arm-linux-androideabi/4.9.x]
  ignore line: [Selected GCC installation: /Users/jinxuan/Library/Android/sdk/ndk/22.1.7171670/toolchains/llvm/prebuilt/darwin-x86_64/lib/gcc/arm-linux-androideabi/4.9.x]
  ignore line: [Candidate multilib: thumb]
  ignore line: [@mthumb]
  ignore line: [Candidate multilib: armv7-a]
  ignore line: [@march=armv7-a]
  ignore line: [Candidate multilib: armv7-a/thumb]
  ignore line: [@march=armv7-a@mthumb]
  ignore line: [Candidate multilib: .]
  ignore line: []
  ignore line: [Selected multilib: armv7-a/thumb]
  ignore line: [@march=armv7-a@mthumb]
  link line: [ "/Users/jinxuan/Library/Android/sdk/ndk/22.1.7171670/toolchains/llvm/prebuilt/darwin-x86_64/bin/ld" --sysroot=/Users/jinxuan/Library/Android/sdk/ndk/22.1.7171670/toolchains/llvm/prebuilt/darwin-x86_64/sysroot -pie -z noexecstack -EL --warn-shared-textrel -z now -z relro -z max-page-size=4096 -X --hash-style=gnu --enable-new-dtags --eh-frame-hdr -m armelf_linux_eabi -dynamic-linker /system/bin/linker -o cmTC_8a707 /Users/jinxuan/Library/Android/sdk/ndk/22.1.7171670/toolchains/llvm/prebuilt/darwin-x86_64/sysroot/usr/lib/arm-linux-androideabi/24/crtbegin_dynamic.o -L/Users/jinxuan/Library/Android/sdk/ndk/22.1.7171670/toolchains/llvm/prebuilt/darwin-x86_64/lib64/clang/11.0.5/lib/linux/arm -L/Users/jinxuan/Library/Android/sdk/ndk/22.1.7171670/toolchains/llvm/prebuilt/darwin-x86_64/lib/gcc/arm-linux-androideabi/4.9.x/armv7-a/thumb -L/Users/jinxuan/Library/Android/sdk/ndk/22.1.7171670/toolchains/llvm/prebuilt/darwin-x86_64/lib/gcc/arm-linux-androideabi/4.9.x/../../../../arm-linux-androideabi/lib/../lib/armv7-a/thumb -L/Users/jinxuan/Library/Android/sdk/ndk/22.1.7171670/toolchains/llvm/prebuilt/darwin-x86_64/sysroot/usr/lib/arm-linux-androideabi/24 -L/Users/jinxuan/Library/Android/sdk/ndk/22.1.7171670/toolchains/llvm/prebuilt/darwin-x86_64/sysroot/usr/lib/arm-linux-androideabi -L/Users/jinxuan/Library/Android/sdk/ndk/22.1.7171670/toolchains/llvm/prebuilt/darwin-x86_64/sysroot/usr/lib/../lib -L/Users/jinxuan/Library/Android/sdk/ndk/22.1.7171670/toolchains/llvm/prebuilt/darwin-x86_64/sysroot/usr/lib/arm-linux-androideabi/../../lib -L/Users/jinxuan/Library/Android/sdk/ndk/22.1.7171670/toolchains/llvm/prebuilt/darwin-x86_64/lib/gcc/arm-linux-androideabi/4.9.x/../../../../arm-linux-androideabi/lib/armv7-a/thumb -L/Users/jinxuan/Library/Android/sdk/ndk/22.1.7171670/toolchains/llvm/prebuilt/darwin-x86_64/sysroot/usr/lib --exclude-libs libgcc.a --exclude-libs libgcc_real.a --exclude-libs libatomic.a --build-id=sha1 --no-rosegment --fatal-warnings --exclude-libs libunwind.a --no-undefined --gc-sections CMakeFiles/cmTC_8a707.dir/OpenMPTryFlag.cpp.o -latomic -lm -Bstatic -lc++ -Bdynamic -lm -lomp -lgcc -ldl -lc -lgcc -ldl /Users/jinxuan/Library/Android/sdk/ndk/22.1.7171670/toolchains/llvm/prebuilt/darwin-x86_64/sysroot/usr/lib/arm-linux-androideabi/24/crtend_android.o]
    arg [/Users/jinxuan/Library/Android/sdk/ndk/22.1.7171670/toolchains/llvm/prebuilt/darwin-x86_64/bin/ld] ==> ignore
    arg [--sysroot=/Users/jinxuan/Library/Android/sdk/ndk/22.1.7171670/toolchains/llvm/prebuilt/darwin-x86_64/sysroot] ==> ignore
    arg [-pie] ==> ignore
    arg [-znoexecstack] ==> ignore
    arg [-EL] ==> ignore
    arg [--warn-shared-textrel] ==> ignore
    arg [-znow] ==> ignore
    arg [-zrelro] ==> ignore
    arg [-zmax-page-size=4096] ==> ignore
    arg [-X] ==> ignore
    arg [--hash-style=gnu] ==> ignore
    arg [--enable-new-dtags] ==> ignore
    arg [--eh-frame-hdr] ==> ignore
    arg [-m] ==> ignore
    arg [armelf_linux_eabi] ==> ignore
    arg [-dynamic-linker] ==> ignore
    arg [/system/bin/linker] ==> ignore
    arg [-o] ==> ignore
    arg [cmTC_8a707] ==> ignore
    arg [/Users/jinxuan/Library/Android/sdk/ndk/22.1.7171670/toolchains/llvm/prebuilt/darwin-x86_64/sysroot/usr/lib/arm-linux-androideabi/24/crtbegin_dynamic.o] ==> ignore
    arg [-L/Users/jinxuan/Library/Android/sdk/ndk/22.1.7171670/toolchains/llvm/prebuilt/darwin-x86_64/lib64/clang/11.0.5/lib/linux/arm] ==> dir [/Users/jinxuan/Library/Android/sdk/ndk/22.1.7171670/toolchains/llvm/prebuilt/darwin-x86_64/lib64/clang/11.0.5/lib/linux/arm]
    arg [-L/Users/jinxuan/Library/Android/sdk/ndk/22.1.7171670/toolchains/llvm/prebuilt/darwin-x86_64/lib/gcc/arm-linux-androideabi/4.9.x/armv7-a/thumb] ==> dir [/Users/jinxuan/Library/Android/sdk/ndk/22.1.7171670/toolchains/llvm/prebuilt/darwin-x86_64/lib/gcc/arm-linux-androideabi/4.9.x/armv7-a/thumb]
    arg [-L/Users/jinxuan/Library/Android/sdk/ndk/22.1.7171670/toolchains/llvm/prebuilt/darwin-x86_64/lib/gcc/arm-linux-androideabi/4.9.x/../../../../arm-linux-androideabi/lib/../lib/armv7-a/thumb] ==> dir [/Users/jinxuan/Library/Android/sdk/ndk/22.1.7171670/toolchains/llvm/prebuilt/darwin-x86_64/lib/gcc/arm-linux-androideabi/4.9.x/../../../../arm-linux-androideabi/lib/../lib/armv7-a/thumb]
    arg [-L/Users/jinxuan/Library/Android/sdk/ndk/22.1.7171670/toolchains/llvm/prebuilt/darwin-x86_64/sysroot/usr/lib/arm-linux-androideabi/24] ==> dir [/Users/jinxuan/Library/Android/sdk/ndk/22.1.7171670/toolchains/llvm/prebuilt/darwin-x86_64/sysroot/usr/lib/arm-linux-androideabi/24]
    arg [-L/Users/jinxuan/Library/Android/sdk/ndk/22.1.7171670/toolchains/llvm/prebuilt/darwin-x86_64/sysroot/usr/lib/arm-linux-androideabi] ==> dir [/Users/jinxuan/Library/Android/sdk/ndk/22.1.7171670/toolchains/llvm/prebuilt/darwin-x86_64/sysroot/usr/lib/arm-linux-androideabi]
    arg [-L/Users/jinxuan/Library/Android/sdk/ndk/22.1.7171670/toolchains/llvm/prebuilt/darwin-x86_64/sysroot/usr/lib/../lib] ==> dir [/Users/jinxuan/Library/Android/sdk/ndk/22.1.7171670/toolchains/llvm/prebuilt/darwin-x86_64/sysroot/usr/lib/../lib]
    arg [-L/Users/jinxuan/Library/Android/sdk/ndk/22.1.7171670/toolchains/llvm/prebuilt/darwin-x86_64/sysroot/usr/lib/arm-linux-androideabi/../../lib] ==> dir [/Users/jinxuan/Library/Android/sdk/ndk/22.1.7171670/toolchains/llvm/prebuilt/darwin-x86_64/sysroot/usr/lib/arm-linux-androideabi/../../lib]
    arg [-L/Users/jinxuan/Library/Android/sdk/ndk/22.1.7171670/toolchains/llvm/prebuilt/darwin-x86_64/lib/gcc/arm-linux-androideabi/4.9.x/../../../../arm-linux-androideabi/lib/armv7-a/thumb] ==> dir [/Users/jinxuan/Library/Android/sdk/ndk/22.1.7171670/toolchains/llvm/prebuilt/darwin-x86_64/lib/gcc/arm-linux-androideabi/4.9.x/../../../../arm-linux-androideabi/lib/armv7-a/thumb]
    arg [-L/Users/jinxuan/Library/Android/sdk/ndk/22.1.7171670/toolchains/llvm/prebuilt/darwin-x86_64/sysroot/usr/lib] ==> dir [/Users/jinxuan/Library/Android/sdk/ndk/22.1.7171670/toolchains/llvm/prebuilt/darwin-x86_64/sysroot/usr/lib]
    arg [--exclude-libs] ==> ignore
    arg [libgcc.a] ==> ignore
    arg [--exclude-libs] ==> ignore
    arg [libgcc_real.a] ==> ignore
    arg [--exclude-libs] ==> ignore
    arg [libatomic.a] ==> ignore
    arg [--build-id=sha1] ==> ignore
    arg [--no-rosegment] ==> ignore
    arg [--fatal-warnings] ==> ignore
    arg [--exclude-libs] ==> ignore
    arg [libunwind.a] ==> ignore
    arg [--no-undefined] ==> ignore
    arg [--gc-sections] ==> ignore
    arg [CMakeFiles/cmTC_8a707.dir/OpenMPTryFlag.cpp.o] ==> ignore
    arg [-latomic] ==> lib [atomic]
    arg [-lm] ==> lib [m]
    arg [-Bstatic] ==> ignore
    arg [-lc++] ==> lib [c++]
    arg [-Bdynamic] ==> ignore
    arg [-lm] ==> lib [m]
    arg [-lomp] ==> lib [omp]
    arg [-lgcc] ==> lib [gcc]
    arg [-ldl] ==> lib [dl]
    arg [-lc] ==> lib [c]
    arg [-lgcc] ==> lib [gcc]
    arg [-ldl] ==> lib [dl]
    arg [/Users/jinxuan/Library/Android/sdk/ndk/22.1.7171670/toolchains/llvm/prebuilt/darwin-x86_64/sysroot/usr/lib/arm-linux-androideabi/24/crtend_android.o] ==> ignore
  collapse library dir [/Users/jinxuan/Library/Android/sdk/ndk/22.1.7171670/toolchains/llvm/prebuilt/darwin-x86_64/lib64/clang/11.0.5/lib/linux/arm] ==> [/Users/jinxuan/Library/Android/sdk/ndk/22.1.7171670/toolchains/llvm/prebuilt/darwin-x86_64/lib64/clang/11.0.5/lib/linux/arm]
  collapse library dir [/Users/jinxuan/Library/Android/sdk/ndk/22.1.7171670/toolchains/llvm/prebuilt/darwin-x86_64/lib/gcc/arm-linux-androideabi/4.9.x/armv7-a/thumb] ==> [/Users/jinxuan/Library/Android/sdk/ndk/22.1.7171670/toolchains/llvm/prebuilt/darwin-x86_64/lib/gcc/arm-linux-androideabi/4.9.x/armv7-a/thumb]
  collapse library dir [/Users/jinxuan/Library/Android/sdk/ndk/22.1.7171670/toolchains/llvm/prebuilt/darwin-x86_64/lib/gcc/arm-linux-androideabi/4.9.x/../../../../arm-linux-androideabi/lib/../lib/armv7-a/thumb] ==> [/Users/jinxuan/Library/Android/sdk/ndk/22.1.7171670/toolchains/llvm/prebuilt/darwin-x86_64/arm-linux-androideabi/lib/armv7-a/thumb]
  collapse library dir [/Users/jinxuan/Library/Android/sdk/ndk/22.1.7171670/toolchains/llvm/prebuilt/darwin-x86_64/sysroot/usr/lib/arm-linux-androideabi/24] ==> [/Users/jinxuan/Library/Android/sdk/ndk/22.1.7171670/toolchains/llvm/prebuilt/darwin-x86_64/sysroot/usr/lib/arm-linux-androideabi/24]
  collapse library dir [/Users/jinxuan/Library/Android/sdk/ndk/22.1.7171670/toolchains/llvm/prebuilt/darwin-x86_64/sysroot/usr/lib/arm-linux-androideabi] ==> [/Users/jinxuan/Library/Android/sdk/ndk/22.1.7171670/toolchains/llvm/prebuilt/darwin-x86_64/sysroot/usr/lib/arm-linux-androideabi]
  collapse library dir [/Users/jinxuan/Library/Android/sdk/ndk/22.1.7171670/toolchains/llvm/prebuilt/darwin-x86_64/sysroot/usr/lib/../lib] ==> [/Users/jinxuan/Library/Android/sdk/ndk/22.1.7171670/toolchains/llvm/prebuilt/darwin-x86_64/sysroot/usr/lib]
  collapse library dir [/Users/jinxuan/Library/Android/sdk/ndk/22.1.7171670/toolchains/llvm/prebuilt/darwin-x86_64/sysroot/usr/lib/arm-linux-androideabi/../../lib] ==> [/Users/jinxuan/Library/Android/sdk/ndk/22.1.7171670/toolchains/llvm/prebuilt/darwin-x86_64/sysroot/usr/lib]
  collapse library dir [/Users/jinxuan/Library/Android/sdk/ndk/22.1.7171670/toolchains/llvm/prebuilt/darwin-x86_64/lib/gcc/arm-linux-androideabi/4.9.x/../../../../arm-linux-androideabi/lib/armv7-a/thumb] ==> [/Users/jinxuan/Library/Android/sdk/ndk/22.1.7171670/toolchains/llvm/prebuilt/darwin-x86_64/arm-linux-androideabi/lib/armv7-a/thumb]
  collapse library dir [/Users/jinxuan/Library/Android/sdk/ndk/22.1.7171670/toolchains/llvm/prebuilt/darwin-x86_64/sysroot/usr/lib] ==> [/Users/jinxuan/Library/Android/sdk/ndk/22.1.7171670/toolchains/llvm/prebuilt/darwin-x86_64/sysroot/usr/lib]
  implicit libs: [atomic;m;c++;m;omp;gcc;dl;c;gcc;dl]
  implicit dirs: [/Users/jinxuan/Library/Android/sdk/ndk/22.1.7171670/toolchains/llvm/prebuilt/darwin-x86_64/lib64/clang/11.0.5/lib/linux/arm;/Users/jinxuan/Library/Android/sdk/ndk/22.1.7171670/toolchains/llvm/prebuilt/darwin-x86_64/lib/gcc/arm-linux-androideabi/4.9.x/armv7-a/thumb;/Users/jinxuan/Library/Android/sdk/ndk/22.1.7171670/toolchains/llvm/prebuilt/darwin-x86_64/arm-linux-androideabi/lib/armv7-a/thumb;/Users/jinxuan/Library/Android/sdk/ndk/22.1.7171670/toolchains/llvm/prebuilt/darwin-x86_64/sysroot/usr/lib/arm-linux-androideabi/24;/Users/jinxuan/Library/Android/sdk/ndk/22.1.7171670/toolchains/llvm/prebuilt/darwin-x86_64/sysroot/usr/lib/arm-linux-androideabi;/Users/jinxuan/Library/Android/sdk/ndk/22.1.7171670/toolchains/llvm/prebuilt/darwin-x86_64/sysroot/usr/lib]
  implicit fwks: []


Determining if the include file pthread.h exists passed with the following output:
Change Dir: /Users/jinxuan/data/develop/android/app/.cxx/cmake/debug/armeabi-v7a/CMakeFiles/CMakeTmp

Run Build Command:"/Users/jinxuan/Library/Android/sdk/cmake/3.10.2.4988404/bin/ninja" "cmTC_63cbf"
[1/2] Building C object CMakeFiles/cmTC_63cbf.dir/CheckIncludeFile.c.o
[2/2] Linking C executable cmTC_63cbf


Determining if the pthread_create exist passed with the following output:
Change Dir: /Users/jinxuan/data/develop/android/app/.cxx/cmake/debug/armeabi-v7a/CMakeFiles/CMakeTmp

Run Build Command:"/Users/jinxuan/Library/Android/sdk/cmake/3.10.2.4988404/bin/ninja" "cmTC_6366e"
[1/2] Building C object CMakeFiles/cmTC_6366e.dir/CheckSymbolExists.c.o
[2/2] Linking C executable cmTC_6366e

File /Users/jinxuan/data/develop/android/app/.cxx/cmake/debug/armeabi-v7a/CMakeFiles/CMakeTmp/CheckSymbolExists.c:
/* */
#include <pthread.h>

int main(int argc, char** argv)
{
  (void)argv;
#ifndef pthread_create
  return ((int*)(&pthread_create))[argc];
#else
  (void)argc;
  return 0;
#endif
}

